This file contains any messages produced by compilers while
running configure, to aid debugging if configure makes a mistake.

It was created by libssrcspread configure 1.0.13, which was
generated by GNU Autoconf 2.69.  Invocation command line was

  $ ./configure --with-spread=/home/weichao/VDL-disk/qiuwch/VDL/universe-starter-agent/install/spread/libssrcspread-1.0.13/../spread-bin/ --prefix=/home/weichao/VDL-disk/qiuwch/VDL/universe-starter-agent/install/spread/libssrcspread-1.0.13/../python-wrapper

## --------- ##
## Platform. ##
## --------- ##

hostname = ccvl2
uname -m = x86_64
uname -r = 4.4.0-64-generic
uname -s = Linux
uname -v = #85~14.04.1-Ubuntu SMP Mon Feb 20 12:10:54 UTC 2017

/usr/bin/uname -p = unknown
/bin/uname -X     = unknown

/bin/arch              = unknown
/usr/bin/arch -k       = unknown
/usr/convex/getsysinfo = unknown
/usr/bin/hostinfo      = unknown
/bin/machine           = unknown
/usr/bin/oslevel       = unknown
/bin/universe          = unknown

PATH: /usr/local/sbin
PATH: /usr/local/bin
PATH: /usr/sbin
PATH: /usr/bin
PATH: /sbin
PATH: /bin
PATH: /usr/games
PATH: /usr/local/games


## ----------- ##
## Core tests. ##
## ----------- ##

configure:2448: checking build system type
configure:2462: result: x86_64-unknown-linux-gnu
configure:2482: checking host system type
configure:2495: result: x86_64-unknown-linux-gnu
configure:2515: checking target system type
configure:2528: result: x86_64-unknown-linux-gnu
configure:2573: checking for a BSD-compatible install
configure:2641: result: /usr/bin/install -c
configure:2652: checking whether build environment is sane
configure:2707: result: yes
configure:2858: checking for a thread-safe mkdir -p
configure:2897: result: /bin/mkdir -p
configure:2904: checking for gawk
configure:2934: result: no
configure:2904: checking for mawk
configure:2920: found /usr/bin/mawk
configure:2931: result: mawk
configure:2942: checking whether make sets $(MAKE)
configure:2964: result: yes
configure:2993: checking whether make supports nested variables
configure:3010: result: yes
configure:3199: checking for g++
configure:3215: found /usr/bin/g++
configure:3226: result: g++
configure:3253: checking for C++ compiler version
configure:3262: g++ --version >&5
g++ (Ubuntu 4.8.4-2ubuntu1~14.04.3) 4.8.4
Copyright (C) 2013 Free Software Foundation, Inc.
This is free software; see the source for copying conditions.  There is NO
warranty; not even for MERCHANTABILITY or FITNESS FOR A PARTICULAR PURPOSE.

configure:3273: $? = 0
configure:3262: g++ -v >&5
Using built-in specs.
COLLECT_GCC=g++
COLLECT_LTO_WRAPPER=/usr/lib/gcc/x86_64-linux-gnu/4.8/lto-wrapper
Target: x86_64-linux-gnu
Configured with: ../src/configure -v --with-pkgversion='Ubuntu 4.8.4-2ubuntu1~14.04.3' --with-bugurl=file:///usr/share/doc/gcc-4.8/README.Bugs --enable-languages=c,c++,java,go,d,fortran,objc,obj-c++ --prefix=/usr --program-suffix=-4.8 --enable-shared --enable-linker-build-id --libexecdir=/usr/lib --without-included-gettext --enable-threads=posix --with-gxx-include-dir=/usr/include/c++/4.8 --libdir=/usr/lib --enable-nls --with-sysroot=/ --enable-clocale=gnu --enable-libstdcxx-debug --enable-libstdcxx-time=yes --enable-gnu-unique-object --disable-libmudflap --enable-plugin --with-system-zlib --disable-browser-plugin --enable-java-awt=gtk --enable-gtk-cairo --with-java-home=/usr/lib/jvm/java-1.5.0-gcj-4.8-amd64/jre --enable-java-home --with-jvm-root-dir=/usr/lib/jvm/java-1.5.0-gcj-4.8-amd64 --with-jvm-jar-dir=/usr/lib/jvm-exports/java-1.5.0-gcj-4.8-amd64 --with-arch-directory=amd64 --with-ecj-jar=/usr/share/java/eclipse-ecj.jar --enable-objc-gc --enable-multiarch --disable-werror --with-arch-32=i686 --with-abi=m64 --with-multilib-list=m32,m64,mx32 --with-tune=generic --enable-checking=release --build=x86_64-linux-gnu --host=x86_64-linux-gnu --target=x86_64-linux-gnu
Thread model: posix
gcc version 4.8.4 (Ubuntu 4.8.4-2ubuntu1~14.04.3) 
configure:3273: $? = 0
configure:3262: g++ -V >&5
g++: error: unrecognized command line option '-V'
g++: fatal error: no input files
compilation terminated.
configure:3273: $? = 4
configure:3262: g++ -qversion >&5
g++: error: unrecognized command line option '-qversion'
g++: fatal error: no input files
compilation terminated.
configure:3273: $? = 4
configure:3293: checking whether the C++ compiler works
configure:3315: g++    conftest.cpp  >&5
configure:3319: $? = 0
configure:3367: result: yes
configure:3370: checking for C++ compiler default output file name
configure:3372: result: a.out
configure:3378: checking for suffix of executables
configure:3385: g++ -o conftest    conftest.cpp  >&5
configure:3389: $? = 0
configure:3411: result: 
configure:3433: checking whether we are cross compiling
configure:3441: g++ -o conftest    conftest.cpp  >&5
configure:3445: $? = 0
configure:3452: ./conftest
configure:3456: $? = 0
configure:3471: result: no
configure:3476: checking for suffix of object files
configure:3498: g++ -c   conftest.cpp >&5
configure:3502: $? = 0
configure:3523: result: o
configure:3527: checking whether we are using the GNU C++ compiler
configure:3546: g++ -c   conftest.cpp >&5
configure:3546: $? = 0
configure:3555: result: yes
configure:3564: checking whether g++ accepts -g
configure:3584: g++ -c -g  conftest.cpp >&5
configure:3584: $? = 0
configure:3625: result: yes
configure:3659: checking for style of include used by make
configure:3687: result: GNU
configure:3713: checking dependency style of g++
configure:3824: result: gcc3
configure:3880: checking whether ln -s works
configure:3884: result: yes
configure:3941: checking how to print strings
configure:3968: result: printf
configure:4037: checking for gcc
configure:4053: found /usr/bin/gcc
configure:4064: result: gcc
configure:4293: checking for C compiler version
configure:4302: gcc --version >&5
gcc (Ubuntu 4.8.4-2ubuntu1~14.04.3) 4.8.4
Copyright (C) 2013 Free Software Foundation, Inc.
This is free software; see the source for copying conditions.  There is NO
warranty; not even for MERCHANTABILITY or FITNESS FOR A PARTICULAR PURPOSE.

configure:4313: $? = 0
configure:4302: gcc -v >&5
Using built-in specs.
COLLECT_GCC=gcc
COLLECT_LTO_WRAPPER=/usr/lib/gcc/x86_64-linux-gnu/4.8/lto-wrapper
Target: x86_64-linux-gnu
Configured with: ../src/configure -v --with-pkgversion='Ubuntu 4.8.4-2ubuntu1~14.04.3' --with-bugurl=file:///usr/share/doc/gcc-4.8/README.Bugs --enable-languages=c,c++,java,go,d,fortran,objc,obj-c++ --prefix=/usr --program-suffix=-4.8 --enable-shared --enable-linker-build-id --libexecdir=/usr/lib --without-included-gettext --enable-threads=posix --with-gxx-include-dir=/usr/include/c++/4.8 --libdir=/usr/lib --enable-nls --with-sysroot=/ --enable-clocale=gnu --enable-libstdcxx-debug --enable-libstdcxx-time=yes --enable-gnu-unique-object --disable-libmudflap --enable-plugin --with-system-zlib --disable-browser-plugin --enable-java-awt=gtk --enable-gtk-cairo --with-java-home=/usr/lib/jvm/java-1.5.0-gcj-4.8-amd64/jre --enable-java-home --with-jvm-root-dir=/usr/lib/jvm/java-1.5.0-gcj-4.8-amd64 --with-jvm-jar-dir=/usr/lib/jvm-exports/java-1.5.0-gcj-4.8-amd64 --with-arch-directory=amd64 --with-ecj-jar=/usr/share/java/eclipse-ecj.jar --enable-objc-gc --enable-multiarch --disable-werror --with-arch-32=i686 --with-abi=m64 --with-multilib-list=m32,m64,mx32 --with-tune=generic --enable-checking=release --build=x86_64-linux-gnu --host=x86_64-linux-gnu --target=x86_64-linux-gnu
Thread model: posix
gcc version 4.8.4 (Ubuntu 4.8.4-2ubuntu1~14.04.3) 
configure:4313: $? = 0
configure:4302: gcc -V >&5
gcc: error: unrecognized command line option '-V'
gcc: fatal error: no input files
compilation terminated.
configure:4313: $? = 4
configure:4302: gcc -qversion >&5
gcc: error: unrecognized command line option '-qversion'
gcc: fatal error: no input files
compilation terminated.
configure:4313: $? = 4
configure:4317: checking whether we are using the GNU C compiler
configure:4336: gcc -c   conftest.c >&5
configure:4336: $? = 0
configure:4345: result: yes
configure:4354: checking whether gcc accepts -g
configure:4374: gcc -c -g  conftest.c >&5
configure:4374: $? = 0
configure:4415: result: yes
configure:4432: checking for gcc option to accept ISO C89
configure:4495: gcc  -c -g -O2  conftest.c >&5
configure:4495: $? = 0
configure:4508: result: none needed
configure:4533: checking whether gcc understands -c and -o together
configure:4555: gcc -c conftest.c -o conftest2.o
configure:4558: $? = 0
configure:4555: gcc -c conftest.c -o conftest2.o
configure:4558: $? = 0
configure:4570: result: yes
configure:4589: checking dependency style of gcc
configure:4700: result: gcc3
configure:4715: checking for a sed that does not truncate output
configure:4779: result: /bin/sed
configure:4797: checking for grep that handles long lines and -e
configure:4855: result: /bin/grep
configure:4860: checking for egrep
configure:4922: result: /bin/grep -E
configure:4927: checking for fgrep
configure:4989: result: /bin/grep -F
configure:5024: checking for ld used by gcc
configure:5091: result: /usr/bin/ld
configure:5098: checking if the linker (/usr/bin/ld) is GNU ld
configure:5113: result: yes
configure:5125: checking for BSD- or MS-compatible name lister (nm)
configure:5179: result: /usr/bin/nm -B
configure:5309: checking the name lister (/usr/bin/nm -B) interface
configure:5316: gcc -c -g -O2  conftest.c >&5
configure:5319: /usr/bin/nm -B "conftest.o"
configure:5322: output
0000000000000000 B some_variable
configure:5329: result: BSD nm
configure:5333: checking the maximum length of command line arguments
configure:5464: result: 1572864
configure:5512: checking how to convert x86_64-unknown-linux-gnu file names to x86_64-unknown-linux-gnu format
configure:5552: result: func_convert_file_noop
configure:5559: checking how to convert x86_64-unknown-linux-gnu file names to toolchain format
configure:5579: result: func_convert_file_noop
configure:5586: checking for /usr/bin/ld option to reload object files
configure:5593: result: -r
configure:5667: checking for objdump
configure:5683: found /usr/bin/objdump
configure:5694: result: objdump
configure:5726: checking how to recognize dependent libraries
configure:5926: result: pass_all
configure:6011: checking for dlltool
configure:6041: result: no
configure:6071: checking how to associate runtime and link libraries
configure:6098: result: printf %s\n
configure:6159: checking for ar
configure:6175: found /usr/bin/ar
configure:6186: result: ar
configure:6223: checking for archiver @FILE support
configure:6240: gcc -c -g -O2  conftest.c >&5
configure:6240: $? = 0
configure:6243: ar cru libconftest.a @conftest.lst >&5
configure:6246: $? = 0
configure:6251: ar cru libconftest.a @conftest.lst >&5
ar: conftest.o: No such file or directory
configure:6254: $? = 1
configure:6266: result: @
configure:6324: checking for strip
configure:6340: found /usr/bin/strip
configure:6351: result: strip
configure:6423: checking for ranlib
configure:6439: found /usr/bin/ranlib
configure:6450: result: ranlib
configure:6552: checking command to parse /usr/bin/nm -B output from gcc object
configure:6705: gcc -c -g -O2  conftest.c >&5
configure:6708: $? = 0
configure:6712: /usr/bin/nm -B conftest.o \| sed -n -e 's/^.*[ ]\([ABCDGIRSTW][ABCDGIRSTW]*\)[ ][ ]*\([_A-Za-z][_A-Za-z0-9]*\)$/\1 \2 \2/p' | sed '/ __gnu_lto/d' \> conftest.nm
configure:6715: $? = 0
configure:6781: gcc -o conftest -g -O2   conftest.c conftstm.o >&5
configure:6784: $? = 0
configure:6822: result: ok
configure:6869: checking for sysroot
configure:6899: result: no
configure:6906: checking for a working dd
configure:6944: result: /bin/dd
configure:6948: checking how to truncate binary pipes
configure:6963: result: /bin/dd bs=4096 count=1
configure:7099: gcc -c -g -O2  conftest.c >&5
configure:7102: $? = 0
configure:7292: checking for mt
configure:7308: found /bin/mt
configure:7319: result: mt
configure:7342: checking if mt is a manifest tool
configure:7348: mt '-?'
configure:7356: result: no
configure:8033: checking how to run the C preprocessor
configure:8064: gcc -E  conftest.c
configure:8064: $? = 0
configure:8078: gcc -E  conftest.c
conftest.c:11:28: fatal error: ac_nonexistent.h: No such file or directory
 #include <ac_nonexistent.h>
                            ^
compilation terminated.
configure:8078: $? = 1
configure: failed program was:
| /* confdefs.h */
| #define PACKAGE_NAME "libssrcspread"
| #define PACKAGE_TARNAME "libssrcspread"
| #define PACKAGE_VERSION "1.0.13"
| #define PACKAGE_STRING "libssrcspread 1.0.13"
| #define PACKAGE_BUGREPORT ""
| #define PACKAGE_URL ""
| #define PACKAGE "libssrcspread"
| #define VERSION "1.0.13"
| /* end confdefs.h.  */
| #include <ac_nonexistent.h>
configure:8103: result: gcc -E
configure:8123: gcc -E  conftest.c
configure:8123: $? = 0
configure:8137: gcc -E  conftest.c
conftest.c:11:28: fatal error: ac_nonexistent.h: No such file or directory
 #include <ac_nonexistent.h>
                            ^
compilation terminated.
configure:8137: $? = 1
configure: failed program was:
| /* confdefs.h */
| #define PACKAGE_NAME "libssrcspread"
| #define PACKAGE_TARNAME "libssrcspread"
| #define PACKAGE_VERSION "1.0.13"
| #define PACKAGE_STRING "libssrcspread 1.0.13"
| #define PACKAGE_BUGREPORT ""
| #define PACKAGE_URL ""
| #define PACKAGE "libssrcspread"
| #define VERSION "1.0.13"
| /* end confdefs.h.  */
| #include <ac_nonexistent.h>
configure:8166: checking for ANSI C header files
configure:8186: gcc -c -g -O2  conftest.c >&5
configure:8186: $? = 0
configure:8259: gcc -o conftest -g -O2   conftest.c  >&5
configure:8259: $? = 0
configure:8259: ./conftest
configure:8259: $? = 0
configure:8270: result: yes
configure:8283: checking for sys/types.h
configure:8283: gcc -c -g -O2  conftest.c >&5
configure:8283: $? = 0
configure:8283: result: yes
configure:8283: checking for sys/stat.h
configure:8283: gcc -c -g -O2  conftest.c >&5
configure:8283: $? = 0
configure:8283: result: yes
configure:8283: checking for stdlib.h
configure:8283: gcc -c -g -O2  conftest.c >&5
configure:8283: $? = 0
configure:8283: result: yes
configure:8283: checking for string.h
configure:8283: gcc -c -g -O2  conftest.c >&5
configure:8283: $? = 0
configure:8283: result: yes
configure:8283: checking for memory.h
configure:8283: gcc -c -g -O2  conftest.c >&5
configure:8283: $? = 0
configure:8283: result: yes
configure:8283: checking for strings.h
configure:8283: gcc -c -g -O2  conftest.c >&5
configure:8283: $? = 0
configure:8283: result: yes
configure:8283: checking for inttypes.h
configure:8283: gcc -c -g -O2  conftest.c >&5
configure:8283: $? = 0
configure:8283: result: yes
configure:8283: checking for stdint.h
configure:8283: gcc -c -g -O2  conftest.c >&5
configure:8283: $? = 0
configure:8283: result: yes
configure:8283: checking for unistd.h
configure:8283: gcc -c -g -O2  conftest.c >&5
configure:8283: $? = 0
configure:8283: result: yes
configure:8297: checking for dlfcn.h
configure:8297: gcc -c -g -O2  conftest.c >&5
configure:8297: $? = 0
configure:8297: result: yes
configure:8534: checking for objdir
configure:8549: result: .libs
configure:8809: checking if gcc supports -fno-rtti -fno-exceptions
configure:8827: gcc -c -g -O2  -fno-rtti -fno-exceptions conftest.c >&5
cc1: warning: command line option '-fno-rtti' is valid for C++/ObjC++ but not for C [enabled by default]
configure:8831: $? = 0
configure:8844: result: no
configure:9202: checking for gcc option to produce PIC
configure:9209: result: -fPIC -DPIC
configure:9217: checking if gcc PIC flag -fPIC -DPIC works
configure:9235: gcc -c -g -O2  -fPIC -DPIC -DPIC conftest.c >&5
configure:9239: $? = 0
configure:9252: result: yes
configure:9281: checking if gcc static flag -static works
configure:9309: result: yes
configure:9324: checking if gcc supports -c -o file.o
configure:9345: gcc -c -g -O2  -o out/conftest2.o conftest.c >&5
configure:9349: $? = 0
configure:9371: result: yes
configure:9379: checking if gcc supports -c -o file.o
configure:9426: result: yes
configure:9459: checking whether the gcc linker (/usr/bin/ld -m elf_x86_64) supports shared libraries
configure:10718: result: yes
configure:10958: checking dynamic linker characteristics
configure:11539: gcc -o conftest -g -O2   -Wl,-rpath -Wl,/foo conftest.c  >&5
configure:11539: $? = 0
configure:11776: result: GNU/Linux ld.so
configure:11898: checking how to hardcode library paths into programs
configure:11923: result: immediate
configure:12471: checking whether stripping libraries is possible
configure:12476: result: yes
configure:12511: checking if libtool supports shared libraries
configure:12513: result: yes
configure:12516: checking whether to build shared libraries
configure:12541: result: no
configure:12544: checking whether to build static libraries
configure:12548: result: yes
configure:12571: checking how to run the C++ preprocessor
configure:12598: g++ -E  conftest.cpp
configure:12598: $? = 0
configure:12612: g++ -E  conftest.cpp
conftest.cpp:23:28: fatal error: ac_nonexistent.h: No such file or directory
 #include <ac_nonexistent.h>
                            ^
compilation terminated.
configure:12612: $? = 1
configure: failed program was:
| /* confdefs.h */
| #define PACKAGE_NAME "libssrcspread"
| #define PACKAGE_TARNAME "libssrcspread"
| #define PACKAGE_VERSION "1.0.13"
| #define PACKAGE_STRING "libssrcspread 1.0.13"
| #define PACKAGE_BUGREPORT ""
| #define PACKAGE_URL ""
| #define PACKAGE "libssrcspread"
| #define VERSION "1.0.13"
| #define STDC_HEADERS 1
| #define HAVE_SYS_TYPES_H 1
| #define HAVE_SYS_STAT_H 1
| #define HAVE_STDLIB_H 1
| #define HAVE_STRING_H 1
| #define HAVE_MEMORY_H 1
| #define HAVE_STRINGS_H 1
| #define HAVE_INTTYPES_H 1
| #define HAVE_STDINT_H 1
| #define HAVE_UNISTD_H 1
| #define HAVE_DLFCN_H 1
| #define LT_OBJDIR ".libs/"
| /* end confdefs.h.  */
| #include <ac_nonexistent.h>
configure:12637: result: g++ -E
configure:12657: g++ -E  conftest.cpp
configure:12657: $? = 0
configure:12671: g++ -E  conftest.cpp
conftest.cpp:23:28: fatal error: ac_nonexistent.h: No such file or directory
 #include <ac_nonexistent.h>
                            ^
compilation terminated.
configure:12671: $? = 1
configure: failed program was:
| /* confdefs.h */
| #define PACKAGE_NAME "libssrcspread"
| #define PACKAGE_TARNAME "libssrcspread"
| #define PACKAGE_VERSION "1.0.13"
| #define PACKAGE_STRING "libssrcspread 1.0.13"
| #define PACKAGE_BUGREPORT ""
| #define PACKAGE_URL ""
| #define PACKAGE "libssrcspread"
| #define VERSION "1.0.13"
| #define STDC_HEADERS 1
| #define HAVE_SYS_TYPES_H 1
| #define HAVE_SYS_STAT_H 1
| #define HAVE_STDLIB_H 1
| #define HAVE_STRING_H 1
| #define HAVE_MEMORY_H 1
| #define HAVE_STRINGS_H 1
| #define HAVE_INTTYPES_H 1
| #define HAVE_STDINT_H 1
| #define HAVE_UNISTD_H 1
| #define HAVE_DLFCN_H 1
| #define LT_OBJDIR ".libs/"
| /* end confdefs.h.  */
| #include <ac_nonexistent.h>
configure:12833: checking for ld used by g++
configure:12900: result: /usr/bin/ld -m elf_x86_64
configure:12907: checking if the linker (/usr/bin/ld -m elf_x86_64) is GNU ld
configure:12922: result: yes
configure:12977: checking whether the g++ linker (/usr/bin/ld -m elf_x86_64) supports shared libraries
configure:14050: result: yes
configure:14086: g++ -c -g -O2  conftest.cpp >&5
configure:14089: $? = 0
configure:14570: checking for g++ option to produce PIC
configure:14577: result: -fPIC -DPIC
configure:14585: checking if g++ PIC flag -fPIC -DPIC works
configure:14603: g++ -c -g -O2  -fPIC -DPIC -DPIC conftest.cpp >&5
configure:14607: $? = 0
configure:14620: result: yes
configure:14643: checking if g++ static flag -static works
configure:14671: result: yes
configure:14683: checking if g++ supports -c -o file.o
configure:14704: g++ -c -g -O2  -o out/conftest2.o conftest.cpp >&5
configure:14708: $? = 0
configure:14730: result: yes
configure:14735: checking if g++ supports -c -o file.o
configure:14782: result: yes
configure:14812: checking whether the g++ linker (/usr/bin/ld -m elf_x86_64) supports shared libraries
configure:14852: result: yes
configure:14993: checking dynamic linker characteristics
configure:15738: result: GNU/Linux ld.so
configure:15803: checking how to hardcode library paths into programs
configure:15828: result: immediate
configure:15891: checking whether make sets $(MAKE)
configure:15913: result: yes
configure:16018: g++ -o conftest  -O2 -fPIC -DPIC -I/home/weichao/VDL-disk/qiuwch/VDL/universe-starter-agent/install/spread/libssrcspread-1.0.13/../spread-bin//include  -I/home/weichao/VDL-disk/qiuwch/VDL/universe-starter-agent/install/spread/libssrcspread-1.0.13/../spread-bin//include  -L/home/weichao/VDL-disk/qiuwch/VDL/universe-starter-agent/install/spread/libssrcspread-1.0.13/../spread-bin//lib -ltspread-core conftest.cpp  >&5
/tmp/cckiDPni.o: In function `main':
conftest.cpp:(.text.startup+0x1c): undefined reference to `SP_version'
collect2: error: ld returned 1 exit status
configure:16018: $? = 1
configure: failed program was:
| /* confdefs.h */
| #define PACKAGE_NAME "libssrcspread"
| #define PACKAGE_TARNAME "libssrcspread"
| #define PACKAGE_VERSION "1.0.13"
| #define PACKAGE_STRING "libssrcspread 1.0.13"
| #define PACKAGE_BUGREPORT ""
| #define PACKAGE_URL ""
| #define PACKAGE "libssrcspread"
| #define VERSION "1.0.13"
| #define STDC_HEADERS 1
| #define HAVE_SYS_TYPES_H 1
| #define HAVE_SYS_STAT_H 1
| #define HAVE_STDLIB_H 1
| #define HAVE_STRING_H 1
| #define HAVE_MEMORY_H 1
| #define HAVE_STRINGS_H 1
| #define HAVE_INTTYPES_H 1
| #define HAVE_STDINT_H 1
| #define HAVE_UNISTD_H 1
| #define HAVE_DLFCN_H 1
| #define LT_OBJDIR ".libs/"
| /* end confdefs.h.  */
| 
| 
| #include <cstdio>
| #include <sp.h>
| 
| int
| main ()
| {
| 
|   int major = 0, minor, patch;
|   SP_version(&major, &minor, &patch);
|   std::printf("%d.%d.%d\n", major, minor, patch);
| 
|   ;
|   return 0;
| }
configure:16069: found spread at: /home/weichao/VDL-disk/qiuwch/VDL/universe-starter-agent/install/spread/libssrcspread-1.0.13/../spread-bin/
configure:16080: added to spread cflags: -I/home/weichao/VDL-disk/qiuwch/VDL/universe-starter-agent/install/spread/libssrcspread-1.0.13/../spread-bin//include
configure:16087: added to spread ldflags: -L/home/weichao/VDL-disk/qiuwch/VDL/universe-starter-agent/install/spread/libssrcspread-1.0.13/../spread-bin//lib -ltspread-core
configure:16089: enabled spread package.
configure:16106: checking for SP_get_memb_info
configure:16106: g++ -o conftest  -O2 -fPIC -DPIC -I/home/weichao/VDL-disk/qiuwch/VDL/universe-starter-agent/install/spread/libssrcspread-1.0.13/../spread-bin//include  -I/home/weichao/VDL-disk/qiuwch/VDL/universe-starter-agent/install/spread/libssrcspread-1.0.13/../spread-bin//include  -L/home/weichao/VDL-disk/qiuwch/VDL/universe-starter-agent/install/spread/libssrcspread-1.0.13/../spread-bin//lib -ltspread-core conftest.cpp  >&5
/tmp/ccGlL6ko.o: In function `main':
conftest.cpp:(.text.startup+0x5): undefined reference to `SP_get_memb_info'
collect2: error: ld returned 1 exit status
configure:16106: $? = 1
configure: failed program was:
| /* confdefs.h */
| #define PACKAGE_NAME "libssrcspread"
| #define PACKAGE_TARNAME "libssrcspread"
| #define PACKAGE_VERSION "1.0.13"
| #define PACKAGE_STRING "libssrcspread 1.0.13"
| #define PACKAGE_BUGREPORT ""
| #define PACKAGE_URL ""
| #define PACKAGE "libssrcspread"
| #define VERSION "1.0.13"
| #define STDC_HEADERS 1
| #define HAVE_SYS_TYPES_H 1
| #define HAVE_SYS_STAT_H 1
| #define HAVE_STDLIB_H 1
| #define HAVE_STRING_H 1
| #define HAVE_MEMORY_H 1
| #define HAVE_STRINGS_H 1
| #define HAVE_INTTYPES_H 1
| #define HAVE_STDINT_H 1
| #define HAVE_UNISTD_H 1
| #define HAVE_DLFCN_H 1
| #define LT_OBJDIR ".libs/"
| #define SPREAD_MAJOR_VERSION (SPREAD_VERSION >> 24)
| /* end confdefs.h.  */
| /* Define SP_get_memb_info to an innocuous variant, in case <limits.h> declares SP_get_memb_info.
|    For example, HP-UX 11i <limits.h> declares gettimeofday.  */
| #define SP_get_memb_info innocuous_SP_get_memb_info
| 
| /* System header to define __stub macros and hopefully few prototypes,
|     which can conflict with char SP_get_memb_info (); below.
|     Prefer <limits.h> to <assert.h> if __STDC__ is defined, since
|     <limits.h> exists even on freestanding compilers.  */
| 
| #ifdef __STDC__
| # include <limits.h>
| #else
| # include <assert.h>
| #endif
| 
| #undef SP_get_memb_info
| 
| /* Override any GCC internal prototype to avoid an error.
|    Use char because int might match the return type of a GCC
|    builtin and then its argument prototype would still apply.  */
| #ifdef __cplusplus
| extern "C"
| #endif
| char SP_get_memb_info ();
| /* The GNU C library defines this for functions which it implements
|     to always fail with ENOSYS.  Some functions are actually named
|     something starting with __ and the normal name is an alias.  */
| #if defined __stub_SP_get_memb_info || defined __stub___SP_get_memb_info
| choke me
| #endif
| 
| int
| main ()
| {
| return SP_get_memb_info ();
|   ;
|   return 0;
| }
configure:16106: result: no
configure:16106: checking for SP_kill
configure:16106: g++ -o conftest  -O2 -fPIC -DPIC -I/home/weichao/VDL-disk/qiuwch/VDL/universe-starter-agent/install/spread/libssrcspread-1.0.13/../spread-bin//include  -I/home/weichao/VDL-disk/qiuwch/VDL/universe-starter-agent/install/spread/libssrcspread-1.0.13/../spread-bin//include  -L/home/weichao/VDL-disk/qiuwch/VDL/universe-starter-agent/install/spread/libssrcspread-1.0.13/../spread-bin//lib -ltspread-core conftest.cpp  >&5
/tmp/ccM6fhDr.o: In function `main':
conftest.cpp:(.text.startup+0x5): undefined reference to `SP_kill'
collect2: error: ld returned 1 exit status
configure:16106: $? = 1
configure: failed program was:
| /* confdefs.h */
| #define PACKAGE_NAME "libssrcspread"
| #define PACKAGE_TARNAME "libssrcspread"
| #define PACKAGE_VERSION "1.0.13"
| #define PACKAGE_STRING "libssrcspread 1.0.13"
| #define PACKAGE_BUGREPORT ""
| #define PACKAGE_URL ""
| #define PACKAGE "libssrcspread"
| #define VERSION "1.0.13"
| #define STDC_HEADERS 1
| #define HAVE_SYS_TYPES_H 1
| #define HAVE_SYS_STAT_H 1
| #define HAVE_STDLIB_H 1
| #define HAVE_STRING_H 1
| #define HAVE_MEMORY_H 1
| #define HAVE_STRINGS_H 1
| #define HAVE_INTTYPES_H 1
| #define HAVE_STDINT_H 1
| #define HAVE_UNISTD_H 1
| #define HAVE_DLFCN_H 1
| #define LT_OBJDIR ".libs/"
| #define SPREAD_MAJOR_VERSION (SPREAD_VERSION >> 24)
| /* end confdefs.h.  */
| /* Define SP_kill to an innocuous variant, in case <limits.h> declares SP_kill.
|    For example, HP-UX 11i <limits.h> declares gettimeofday.  */
| #define SP_kill innocuous_SP_kill
| 
| /* System header to define __stub macros and hopefully few prototypes,
|     which can conflict with char SP_kill (); below.
|     Prefer <limits.h> to <assert.h> if __STDC__ is defined, since
|     <limits.h> exists even on freestanding compilers.  */
| 
| #ifdef __STDC__
| # include <limits.h>
| #else
| # include <assert.h>
| #endif
| 
| #undef SP_kill
| 
| /* Override any GCC internal prototype to avoid an error.
|    Use char because int might match the return type of a GCC
|    builtin and then its argument prototype would still apply.  */
| #ifdef __cplusplus
| extern "C"
| #endif
| char SP_kill ();
| /* The GNU C library defines this for functions which it implements
|     to always fail with ENOSYS.  Some functions are actually named
|     something starting with __ and the normal name is an alias.  */
| #if defined __stub_SP_kill || defined __stub___SP_kill
| choke me
| #endif
| 
| int
| main ()
| {
| return SP_kill ();
|   ;
|   return 0;
| }
configure:16106: result: no
configure:16174: g++ -o conftest  -O2 -fPIC -DPIC -I/home/weichao/VDL-disk/qiuwch/VDL/universe-starter-agent/install/spread/libssrcspread-1.0.13/../spread-bin//include  -I/home/weichao/VDL-disk/qiuwch/VDL/universe-starter-agent/install/spread/libssrcspread-1.0.13/../spread-bin//include  conftest.cpp  >&5
/tmp/ccqcm2mw.o: In function `main':
conftest.cpp:(.text.startup+0x2d): undefined reference to `boost::unit_test::unit_test_log_t::set_checkpoint(boost::unit_test::basic_cstring<char const>, unsigned long, boost::unit_test::basic_cstring<char const>)'
conftest.cpp:(.text.startup+0xda): undefined reference to `boost::test_tools::tt_detail::check_impl(boost::test_tools::predicate_result const&, boost::unit_test::lazy_ostream const&, boost::unit_test::basic_cstring<char const>, unsigned long, boost::test_tools::tt_detail::tool_level, boost::test_tools::tt_detail::check_type, unsigned long, ...)'
/tmp/ccqcm2mw.o: In function `_GLOBAL__sub_I_conftest.cpp':
conftest.cpp:(.text.startup+0x223): undefined reference to `vtable for boost::unit_test::unit_test_log_t'
collect2: error: ld returned 1 exit status
configure:16174: $? = 1
configure: failed program was:
| /* confdefs.h */
| #define PACKAGE_NAME "libssrcspread"
| #define PACKAGE_TARNAME "libssrcspread"
| #define PACKAGE_VERSION "1.0.13"
| #define PACKAGE_STRING "libssrcspread 1.0.13"
| #define PACKAGE_BUGREPORT ""
| #define PACKAGE_URL ""
| #define PACKAGE "libssrcspread"
| #define VERSION "1.0.13"
| #define STDC_HEADERS 1
| #define HAVE_SYS_TYPES_H 1
| #define HAVE_SYS_STAT_H 1
| #define HAVE_STDLIB_H 1
| #define HAVE_STRING_H 1
| #define HAVE_MEMORY_H 1
| #define HAVE_STRINGS_H 1
| #define HAVE_INTTYPES_H 1
| #define HAVE_STDINT_H 1
| #define HAVE_UNISTD_H 1
| #define HAVE_DLFCN_H 1
| #define LT_OBJDIR ".libs/"
| #define SPREAD_MAJOR_VERSION (SPREAD_VERSION >> 24)
| /* end confdefs.h.  */
| 
| 
| #include <boost/test/unit_test.hpp>
| int
| main ()
| {
| 
|   BOOST_CHECK(true);
| 
|   ;
|   return 0;
| }
configure:16213: WARNING: boost test not found.  Unit tests will be disabled.
configure:16235: checking for doxygen
configure:16265: result: no
configure:16285: WARNING: doxygen not found.  Generation of API documentation
                will be disabled.
configure:16310: checking checking if compiler recognizes -fvisibility-inlines-hidden
configure:16328: g++ -c  -O2 -fPIC -DPIC -I/home/weichao/VDL-disk/qiuwch/VDL/universe-starter-agent/install/spread/libssrcspread-1.0.13/../spread-bin//include -pipe -fno-gnu-keywords  -I/home/weichao/VDL-disk/qiuwch/VDL/universe-starter-agent/install/spread/libssrcspread-1.0.13/../spread-bin//include -fvisibility-inlines-hidden conftest.cpp >&5
configure:16332: $? = 0
configure:16345: result: yes
configure:16357: checking whether the compiler implements namespaces
configure:16380: g++ -c  -O2 -fPIC -DPIC -I/home/weichao/VDL-disk/qiuwch/VDL/universe-starter-agent/install/spread/libssrcspread-1.0.13/../spread-bin//include -pipe -fno-gnu-keywords -fvisibility-inlines-hidden  -I/home/weichao/VDL-disk/qiuwch/VDL/universe-starter-agent/install/spread/libssrcspread-1.0.13/../spread-bin//include conftest.cpp >&5
configure:16380: $? = 0
configure:16394: result: yes
configure:16416: checking for perl
configure:16434: found /usr/bin/perl
configure:16447: result: /usr/bin/perl
configure:16490: checking for a Python interpreter with version >= 2.4
configure:16507: python -c import sys # split strings by '.' and convert to numeric. Append some zeros # because we need at least 4 digits for the hex conversion. # map returns an iterator in Python 3.0 and a list in 2.x minver = list(map(int, '2.4'.split('.'))) + [0, 0, 0] minverhex = 0 # xrange is not present in Python 3.0 and range returns an iterator for i in list(range(0, 4)): minverhex = (minverhex << 8) + minver[i] sys.exit(sys.hexversion < minverhex)
configure:16510: $? = 0
configure:16516: result: python
configure:16524: checking for python
configure:16542: found /usr/bin/python
configure:16554: result: /usr/bin/python
configure:16572: checking for python version
configure:16579: result: 2.7
configure:16591: checking for python platform
configure:16598: result: linux2
configure:16624: checking for python script directory
configure:16659: result: ${prefix}/lib/python2.7/site-packages
configure:16668: checking for python extension module directory
configure:16703: result: ${exec_prefix}/lib/python2.7/site-packages
configure:16718: checking for ruby
configure:16749: result: none
configure:16759: checking for lua
configure:16790: result: none
configure:17276: checking for swig
configure:17294: found /usr/bin/swig
configure:17307: result: /usr/bin/swig
configure:17327: checking SWIG version
configure:17336: result: 2.0.11
configure:17352: Configuring Python swig binding
configure:17355: checking for Python includes
configure:17364: result: -I/usr/include/python2.7
configure:17373: checking for compiling Python extensions
configure:17382: result: x86_64-linux-gnu-gcc -pthread -fno-strict-aliasing -DNDEBUG -g -fwrapv -O2 -Wall -Wstrict-prototypes -fPIC
configure:17386: checking for linking Python extensions
configure:17395: result: x86_64-linux-gnu-gcc -pthread -shared -Wl,-O1 -Wl,-Bsymbolic-functions -Wl,-Bsymbolic-functions -Wl,-z,relro -fno-strict-aliasing -DNDEBUG -g -fwrapv -O2 -Wall -Wstrict-prototypes -D_FORTIFY_SOURCE=2 -g -fstack-protector --param=ssp-buffer-size=4 -Wformat -Werror=format-security
configure:17399: checking for linking Python libraries
configure:17408: result: -Wl,-O1 -Wl,-Bsymbolic-functions -Wl,-Bsymbolic-functions -Wl,-z,relro
configure:17414: checking Perl version
configure:17417: result: 5018002
configure:17439: checking where to install Perl extensions
configure:17454: result: /usr/local/lib/perl/5.18.2
configure:17684: checking for tidy5
configure:17714: result: no
configure:17721: checking for tidy
configure:17751: result: no
configure:17916: checking that generated files are newer than configure
configure:17922: result: done
configure:17989: creating ./config.status

## ---------------------- ##
## Running config.status. ##
## ---------------------- ##

This file was extended by libssrcspread config.status 1.0.13, which was
generated by GNU Autoconf 2.69.  Invocation command line was

  CONFIG_FILES    = 
  CONFIG_HEADERS  = 
  CONFIG_LINKS    = 
  CONFIG_COMMANDS = 
  $ ./config.status 

on ccvl2

config.status:1261: creating Makefile
config.status:1261: creating ssrc/Makefile
config.status:1261: creating ssrc/spread/Makefile
config.status:1261: creating swig/Makefile
config.status:1261: creating swig/lua/Makefile
config.status:1261: creating swig/perl/Makefile
config.status:1261: creating swig/python/Makefile
config.status:1261: creating swig/ruby/Makefile
config.status:1261: creating tests/Makefile
config.status:1261: creating tests/spread/Makefile
config.status:1261: creating tests/swig/Makefile
config.status:1261: creating tests/swig/lua/Makefile
config.status:1261: creating tests/swig/perl/Makefile
config.status:1261: creating tests/swig/python/Makefile
config.status:1261: creating tests/swig/ruby/Makefile
config.status:1261: creating config.h
config.status:1442: config.h is unchanged
config.status:1490: executing depfiles commands
config.status:1490: executing libtool commands
config.status:1490: executing moveConfigHeader commands
configure:20516: result: creating libssrcspread-config.h - prefix LIBSSRCSPREAD for config.h defines

## ---------------- ##
## Cache variables. ##
## ---------------- ##

ac_cv_build=x86_64-unknown-linux-gnu
ac_cv_c_compiler_gnu=yes
ac_cv_cxx_compiler_gnu=yes
ac_cv_cxx_namespaces=yes
ac_cv_env_CCC_set=
ac_cv_env_CCC_value=
ac_cv_env_CC_set=
ac_cv_env_CC_value=
ac_cv_env_CFLAGS_set=
ac_cv_env_CFLAGS_value=
ac_cv_env_CPPFLAGS_set=
ac_cv_env_CPPFLAGS_value=
ac_cv_env_CPP_set=
ac_cv_env_CPP_value=
ac_cv_env_CXXCPP_set=
ac_cv_env_CXXCPP_value=
ac_cv_env_CXXFLAGS_set=
ac_cv_env_CXXFLAGS_value=
ac_cv_env_CXX_set=
ac_cv_env_CXX_value=
ac_cv_env_LDFLAGS_set=
ac_cv_env_LDFLAGS_value=
ac_cv_env_LIBS_set=
ac_cv_env_LIBS_value=
ac_cv_env_LT_SYS_LIBRARY_PATH_set=
ac_cv_env_LT_SYS_LIBRARY_PATH_value=
ac_cv_env_PYTHON_set=
ac_cv_env_PYTHON_value=
ac_cv_env_build_alias_set=
ac_cv_env_build_alias_value=
ac_cv_env_host_alias_set=
ac_cv_env_host_alias_value=
ac_cv_env_target_alias_set=
ac_cv_env_target_alias_value=
ac_cv_func_SP_get_memb_info=no
ac_cv_func_SP_kill=no
ac_cv_header_dlfcn_h=yes
ac_cv_header_inttypes_h=yes
ac_cv_header_memory_h=yes
ac_cv_header_stdc=yes
ac_cv_header_stdint_h=yes
ac_cv_header_stdlib_h=yes
ac_cv_header_string_h=yes
ac_cv_header_strings_h=yes
ac_cv_header_sys_stat_h=yes
ac_cv_header_sys_types_h=yes
ac_cv_header_unistd_h=yes
ac_cv_host=x86_64-unknown-linux-gnu
ac_cv_objext=o
ac_cv_path_EGREP='/bin/grep -E'
ac_cv_path_FGREP='/bin/grep -F'
ac_cv_path_GREP=/bin/grep
ac_cv_path_LUA=none
ac_cv_path_PERL=/usr/bin/perl
ac_cv_path_PYTHON=/usr/bin/python
ac_cv_path_RUBY=none
ac_cv_path_SED=/bin/sed
ac_cv_path_SWIG=/usr/bin/swig
ac_cv_path_install='/usr/bin/install -c'
ac_cv_path_lt_DD=/bin/dd
ac_cv_path_mkdir=/bin/mkdir
ac_cv_prog_AWK=mawk
ac_cv_prog_CPP='gcc -E'
ac_cv_prog_CXXCPP='g++ -E'
ac_cv_prog_ac_ct_AR=ar
ac_cv_prog_ac_ct_CC=gcc
ac_cv_prog_ac_ct_CXX=g++
ac_cv_prog_ac_ct_MANIFEST_TOOL=mt
ac_cv_prog_ac_ct_OBJDUMP=objdump
ac_cv_prog_ac_ct_RANLIB=ranlib
ac_cv_prog_ac_ct_STRIP=strip
ac_cv_prog_cc_c89=
ac_cv_prog_cc_g=yes
ac_cv_prog_cxx_g=yes
ac_cv_prog_make_make_set=yes
ac_cv_python_compile='x86_64-linux-gnu-gcc -pthread -fno-strict-aliasing -DNDEBUG -g -fwrapv -O2 -Wall -Wstrict-prototypes -fPIC'
ac_cv_python_includes=-I/usr/include/python2.7
ac_cv_python_libs='-Wl,-O1 -Wl,-Bsymbolic-functions -Wl,-Bsymbolic-functions -Wl,-z,relro'
ac_cv_python_link='x86_64-linux-gnu-gcc -pthread -shared -Wl,-O1 -Wl,-Bsymbolic-functions -Wl,-Bsymbolic-functions -Wl,-z,relro -fno-strict-aliasing -DNDEBUG -g -fwrapv -O2 -Wall -Wstrict-prototypes -D_FORTIFY_SOURCE=2 -g -fstack-protector --param=ssp-buffer-size=4 -Wformat -Werror=format-security'
ac_cv_target=x86_64-unknown-linux-gnu
am_cv_CC_dependencies_compiler_type=gcc3
am_cv_CXX_dependencies_compiler_type=gcc3
am_cv_make_support_nested_variables=yes
am_cv_pathless_PYTHON=python
am_cv_prog_cc_c_o=yes
am_cv_python_platform=linux2
am_cv_python_pyexecdir='${exec_prefix}/lib/python2.7/site-packages'
am_cv_python_pythondir='${prefix}/lib/python2.7/site-packages'
am_cv_python_version=2.7
libssrcspread_cv_flag=yes
libssrcspread_cv_perl_sitedir=
libssrcspread_cv_perl_sitedir_archsuffix=5.18.2/x86_64-linux-gnu-thread-multi
lt_cv_ar_at_file=@
lt_cv_deplibs_check_method=pass_all
lt_cv_file_magic_cmd='$MAGIC_CMD'
lt_cv_file_magic_test_file=
lt_cv_ld_reload_flag=-r
lt_cv_nm_interface='BSD nm'
lt_cv_objdir=.libs
lt_cv_path_LD=/usr/bin/ld
lt_cv_path_LDCXX='/usr/bin/ld -m elf_x86_64'
lt_cv_path_NM='/usr/bin/nm -B'
lt_cv_path_mainfest_tool=no
lt_cv_prog_compiler_c_o=yes
lt_cv_prog_compiler_c_o_CXX=yes
lt_cv_prog_compiler_pic='-fPIC -DPIC'
lt_cv_prog_compiler_pic_CXX='-fPIC -DPIC'
lt_cv_prog_compiler_pic_works=yes
lt_cv_prog_compiler_pic_works_CXX=yes
lt_cv_prog_compiler_rtti_exceptions=no
lt_cv_prog_compiler_static_works=yes
lt_cv_prog_compiler_static_works_CXX=yes
lt_cv_prog_gnu_ld=yes
lt_cv_prog_gnu_ldcxx=yes
lt_cv_sharedlib_from_linklib_cmd='printf %s\n'
lt_cv_shlibpath_overrides_runpath=no
lt_cv_sys_global_symbol_pipe='sed -n -e '\''s/^.*[	 ]\([ABCDGIRSTW][ABCDGIRSTW]*\)[	 ][	 ]*\([_A-Za-z][_A-Za-z0-9]*\)$/\1 \2 \2/p'\'' | sed '\''/ __gnu_lto/d'\'''
lt_cv_sys_global_symbol_to_c_name_address='sed -n -e '\''s/^: \(.*\) .*$/  {"\1", (void *) 0},/p'\'' -e '\''s/^[ABCDGIRSTW][ABCDGIRSTW]* .* \(.*\)$/  {"\1", (void *) \&\1},/p'\'''
lt_cv_sys_global_symbol_to_c_name_address_lib_prefix='sed -n -e '\''s/^: \(.*\) .*$/  {"\1", (void *) 0},/p'\'' -e '\''s/^[ABCDGIRSTW][ABCDGIRSTW]* .* \(lib.*\)$/  {"\1", (void *) \&\1},/p'\'' -e '\''s/^[ABCDGIRSTW][ABCDGIRSTW]* .* \(.*\)$/  {"lib\1", (void *) \&\1},/p'\'''
lt_cv_sys_global_symbol_to_cdecl='sed -n -e '\''s/^T .* \(.*\)$/extern int \1();/p'\'' -e '\''s/^[ABCDGIRSTW][ABCDGIRSTW]* .* \(.*\)$/extern char \1;/p'\'''
lt_cv_sys_global_symbol_to_import=
lt_cv_sys_max_cmd_len=1572864
lt_cv_to_host_file_cmd=func_convert_file_noop
lt_cv_to_tool_file_cmd=func_convert_file_noop
lt_cv_truncate_bin='/bin/dd bs=4096 count=1'

## ----------------- ##
## Output variables. ##
## ----------------- ##

ACLOCAL='${SHELL} /home/weichao/VDL-disk/qiuwch/VDL/universe-starter-agent/install/spread/libssrcspread-1.0.13/config/missing aclocal-1.15'
AMDEPBACKSLASH='\'
AMDEP_FALSE='#'
AMDEP_TRUE=''
AMTAR='$${TAR-tar}'
AM_BACKSLASH='\'
AM_DEFAULT_V='$(AM_DEFAULT_VERBOSITY)'
AM_DEFAULT_VERBOSITY='1'
AM_V='$(V)'
AR='ar'
AUTOCONF='${SHELL} /home/weichao/VDL-disk/qiuwch/VDL/universe-starter-agent/install/spread/libssrcspread-1.0.13/config/missing autoconf'
AUTOHEADER='${SHELL} /home/weichao/VDL-disk/qiuwch/VDL/universe-starter-agent/install/spread/libssrcspread-1.0.13/config/missing autoheader'
AUTOMAKE='${SHELL} /home/weichao/VDL-disk/qiuwch/VDL/universe-starter-agent/install/spread/libssrcspread-1.0.13/config/missing automake-1.15'
AWK='mawk'
BOOST_DIR=''
CC='gcc'
CCDEPMODE='depmode=gcc3'
CFLAGS=' -O2 -fPIC -DPIC -I/home/weichao/VDL-disk/qiuwch/VDL/universe-starter-agent/install/spread/libssrcspread-1.0.13/../spread-bin//include -std=c99 -pipe -fno-gnu-keywords'
CPP='gcc -E'
CPPFLAGS=' -I/home/weichao/VDL-disk/qiuwch/VDL/universe-starter-agent/install/spread/libssrcspread-1.0.13/../spread-bin//include'
CXX='g++'
CXXCPP='g++ -E'
CXXDEPMODE='depmode=gcc3'
CXXFLAGS=' -O2 -fPIC -DPIC -I/home/weichao/VDL-disk/qiuwch/VDL/universe-starter-agent/install/spread/libssrcspread-1.0.13/../spread-bin//include -pipe -fno-gnu-keywords -fvisibility-inlines-hidden'
CYGPATH_W='echo'
DEFS='-DHAVE_CONFIG_H'
DEPDIR='.deps'
DLLTOOL='false'
DOXYGEN=''
DSYMUTIL=''
DUMPBIN=''
ECHO_C=''
ECHO_N='-n'
ECHO_T=''
EGREP='/bin/grep -E'
ELSE='else'
ENDIF='endif'
EXEEXT=''
FGREP='/bin/grep -F'
GREP='/bin/grep'
IF='if'
INSTALL_DATA='${INSTALL} -m 644'
INSTALL_PROGRAM='${INSTALL}'
INSTALL_SCRIPT='${INSTALL}'
INSTALL_STRIP_PROGRAM='$(install_sh) -c -s'
LD='/usr/bin/ld -m elf_x86_64'
LDFLAGS=''
LD_EXPORT_DYNAMIC='-Wl,-E'
LIBOBJS=''
LIBS=''
LIBSSRCSPREAD_BOOST_TEST_FALSE=''
LIBSSRCSPREAD_BOOST_TEST_TRUE='#'
LIBSSRCSPREAD_DEBUG_FALSE=''
LIBSSRCSPREAD_DEBUG_TRUE='#'
LIBSSRCSPREAD_DOXYGEN_FALSE=''
LIBSSRCSPREAD_DOXYGEN_TRUE='#'
LIBSSRCSPREAD_LUA_FALSE=''
LIBSSRCSPREAD_LUA_TRUE='#'
LIBSSRCSPREAD_PERL_FALSE='#'
LIBSSRCSPREAD_PERL_TRUE=''
LIBSSRCSPREAD_PYTHON_FALSE='#'
LIBSSRCSPREAD_PYTHON_TRUE=''
LIBSSRCSPREAD_RUBY_FALSE=''
LIBSSRCSPREAD_RUBY_TRUE='#'
LIBSSRCSPREAD_SPREAD_FALSE='#'
LIBSSRCSPREAD_SPREAD_TRUE=''
LIBSSRCSPREAD_SWIG_FALSE='#'
LIBSSRCSPREAD_SWIG_TRUE=''
LIBSSRCSPREAD_USING_GCC_FALSE='#'
LIBSSRCSPREAD_USING_GCC_TRUE=''
LIBTOOL='$(SHELL) $(top_builddir)/libtool'
LIBTOOL_DEPS='config/ltmain.sh'
LIPO=''
LN_S='ln -s'
LTLIBOBJS=''
LT_SYS_LIBRARY_PATH=''
LUA='none'
MAKEINFO='${SHELL} /home/weichao/VDL-disk/qiuwch/VDL/universe-starter-agent/install/spread/libssrcspread-1.0.13/config/missing makeinfo'
MANIFEST_TOOL=':'
MKDIR_P='/bin/mkdir -p'
NM='/usr/bin/nm -B'
NMEDIT=''
OBJDUMP='objdump'
OBJEXT='o'
OTOOL64=''
OTOOL=''
PACKAGE='libssrcspread'
PACKAGE_BUGREPORT=''
PACKAGE_NAME='libssrcspread'
PACKAGE_STRING='libssrcspread 1.0.13'
PACKAGE_TARNAME='libssrcspread'
PACKAGE_URL=''
PACKAGE_VERSION='1.0.13'
PATH_SEPARATOR=':'
PERL='/usr/bin/perl'
PYTHON='/usr/bin/python'
PYTHON_EXEC_PREFIX='${exec_prefix}'
PYTHON_PLATFORM='linux2'
PYTHON_PREFIX='${prefix}'
PYTHON_VERSION='2.7'
PY_SO_FLAGS='-fPIC -DPIC -XCClinker -shared'
RANLIB='ranlib'
RB_SO_EXTENSION='so'
RB_SO_FLAGS='-fPIC -DPIC -XCClinker -shared'
RUBY='none'
SED='/bin/sed'
SET_MAKE=''
SHELL='/bin/bash'
SO_EXTENSION='so'
SO_FLAGS='-fPIC -DPIC -XCClinker -shared'
SPREAD_DIR='/home/weichao/VDL-disk/qiuwch/VDL/universe-starter-agent/install/spread/libssrcspread-1.0.13/../spread-bin/'
STRIP='strip'
SWIG='/usr/bin/swig'
SWIG_LUA_INCLUDES=''
SWIG_LUA_SITE_ARCH_DIR=''
SWIG_PL_INCLUDES='$(SWIG_INCLUDES) -D_REENTRANT -D_GNU_SOURCE -DDEBIAN -fstack-protector -fno-strict-aliasing -pipe -I/usr/local/include -D_LARGEFILE_SOURCE -D_FILE_OFFSET_BITS=64 -I/usr/lib/perl/5.18/CORE'
SWIG_PL_SITE_ARCH_DIR='/usr/local/lib/perl/5.18.2'
SWIG_PY_COMPILE='x86_64-linux-gnu-g++ -pthread -fno-strict-aliasing -DNDEBUG -fwrapv -O2 -Wall -Wstrict-prototypes -fPIC $(SWIG_PY_INCLUDES)'
SWIG_PY_INCLUDES='$(SWIG_INCLUDES) -I/usr/include/python2.7'
SWIG_PY_LIBS='-Wl,-O1 -Wl,-Bsymbolic-functions -Wl,-Bsymbolic-functions -Wl,-z,relro'
SWIG_PY_LINK='x86_64-linux-gnu-g++ -pthread -shared -Wl,-O1 -Wl,-Bsymbolic-functions -Wl,-Bsymbolic-functions -Wl,-z,relro -fno-strict-aliasing -DNDEBUG -fwrapv -O2 -Wall -Wstrict-prototypes -D_FORTIFY_SOURCE=2 -fstack-protector --param=ssp-buffer-size=4 -Wformat -Werror=format-security'
SWIG_RB_COMPILE_FLAGS='none'
SWIG_RB_INCLUDES=''
SWIG_RB_LINK='none'
SWIG_RB_SITE_ARCH_DIR=''
SWIG_RB_SITE_LIB_DIR=''
TIDY=''
VERSION='1.0.13'
ac_ct_AR='ar'
ac_ct_CC='gcc'
ac_ct_CXX='g++'
ac_ct_DUMPBIN=''
am__EXEEXT_FALSE=''
am__EXEEXT_TRUE='#'
am__fastdepCC_FALSE='#'
am__fastdepCC_TRUE=''
am__fastdepCXX_FALSE='#'
am__fastdepCXX_TRUE=''
am__include='include'
am__isrc=''
am__leading_dot='.'
am__nodep='_no'
am__quote=''
am__tar='$${TAR-tar} chof - "$$tardir"'
am__untar='$${TAR-tar} xf -'
bindir='${exec_prefix}/bin'
build='x86_64-unknown-linux-gnu'
build_alias=''
build_cpu='x86_64'
build_os='linux-gnu'
build_vendor='unknown'
datadir='${datarootdir}'
datarootdir='${prefix}/share'
docdir='${datarootdir}/doc/${PACKAGE_TARNAME}'
dvidir='${docdir}'
exec_prefix='${prefix}'
host='x86_64-unknown-linux-gnu'
host_alias=''
host_cpu='x86_64'
host_os='linux-gnu'
host_vendor='unknown'
htmldir='${docdir}'
includedir='${prefix}/include'
infodir='${datarootdir}/info'
install_sh='${SHELL} /home/weichao/VDL-disk/qiuwch/VDL/universe-starter-agent/install/spread/libssrcspread-1.0.13/config/install-sh'
libdir='${exec_prefix}/lib'
libexecdir='${exec_prefix}/libexec'
libssrcspread_lib_version='1.9.0'
libssrcspread_namespace='ssrcspread_v1_0_13'
libssrcspread_test_daemon='"4803"'
libssrcspread_with_spread_cflags='-I/home/weichao/VDL-disk/qiuwch/VDL/universe-starter-agent/install/spread/libssrcspread-1.0.13/../spread-bin//include'
libssrcspread_with_spread_ldflags='-L/home/weichao/VDL-disk/qiuwch/VDL/universe-starter-agent/install/spread/libssrcspread-1.0.13/../spread-bin//lib -ltspread-core'
localedir='${datarootdir}/locale'
localstatedir='${prefix}/var'
mandir='${datarootdir}/man'
mkdir_p='$(MKDIR_P)'
oldincludedir='/usr/include'
pdfdir='${docdir}'
pkgpyexecdir='${pyexecdir}/libssrcspread'
pkgpythondir='${pythondir}/libssrcspread'
prefix='/home/weichao/VDL-disk/qiuwch/VDL/universe-starter-agent/install/spread/libssrcspread-1.0.13/../python-wrapper'
program_transform_name='s,x,x,'
psdir='${docdir}'
pyexecdir='${exec_prefix}/lib/python2.7/site-packages'
pythondir='${prefix}/lib/python2.7/site-packages'
sbindir='${exec_prefix}/sbin'
sharedstatedir='${prefix}/com'
ssrc_with_boost_cflags=''
ssrc_with_boost_ldflags=''
sysconfdir='${prefix}/etc'
target='x86_64-unknown-linux-gnu'
target_alias=''
target_cpu='x86_64'
target_os='linux-gnu'
target_vendor='unknown'
with_doxygen=''

## ----------- ##
## confdefs.h. ##
## ----------- ##

/* confdefs.h */
#define PACKAGE_NAME "libssrcspread"
#define PACKAGE_TARNAME "libssrcspread"
#define PACKAGE_VERSION "1.0.13"
#define PACKAGE_STRING "libssrcspread 1.0.13"
#define PACKAGE_BUGREPORT ""
#define PACKAGE_URL ""
#define PACKAGE "libssrcspread"
#define VERSION "1.0.13"
#define STDC_HEADERS 1
#define HAVE_SYS_TYPES_H 1
#define HAVE_SYS_STAT_H 1
#define HAVE_STDLIB_H 1
#define HAVE_STRING_H 1
#define HAVE_MEMORY_H 1
#define HAVE_STRINGS_H 1
#define HAVE_INTTYPES_H 1
#define HAVE_STDINT_H 1
#define HAVE_UNISTD_H 1
#define HAVE_DLFCN_H 1
#define LT_OBJDIR ".libs/"
#define SPREAD_MAJOR_VERSION (SPREAD_VERSION >> 24)
#define HAVE_NAMESPACES 1

configure: exit 0
