This file contains any messages produced by compilers while
running configure, to aid debugging if configure makes a mistake.

It was created by Spread_Util configure 4.3.0, which was
generated by GNU Autoconf 2.62.  Invocation command line was

  $ ./configure --prefix=/home/weichao/VDL-disk/qiuwch/VDL/universe-starter-agent/install/spread/spread-src-4.4.0/../spread-bin/ --prefix /home/weichao/VDL-disk/qiuwch/VDL/universe-starter-agent/install/spread/spread-src-4.4.0/../spread-bin/ --cache-file=/dev/null --srcdir=.

## --------- ##
## Platform. ##
## --------- ##

hostname = ccvl2
uname -m = x86_64
uname -r = 4.4.0-64-generic
uname -s = Linux
uname -v = #85~14.04.1-Ubuntu SMP Mon Feb 20 12:10:54 UTC 2017

/usr/bin/uname -p = unknown
/bin/uname -X     = unknown

/bin/arch              = unknown
/usr/bin/arch -k       = unknown
/usr/convex/getsysinfo = unknown
/usr/bin/hostinfo      = unknown
/bin/machine           = unknown
/usr/bin/oslevel       = unknown
/bin/universe          = unknown

PATH: /usr/local/sbin
PATH: /usr/local/bin
PATH: /usr/sbin
PATH: /usr/bin
PATH: /sbin
PATH: /bin
PATH: /usr/games
PATH: /usr/local/games


## ----------- ##
## Core tests. ##
## ----------- ##

configure:1875: checking build system type
configure:1893: result: x86_64-unknown-linux-gnu
configure:1915: checking host system type
configure:1930: result: x86_64-unknown-linux-gnu
configure:2008: checking for gcc
configure:2024: found /usr/bin/gcc
configure:2035: result: gcc
configure:2273: checking for C compiler version
configure:2281: gcc --version >&5
gcc (Ubuntu 4.8.4-2ubuntu1~14.04.3) 4.8.4
Copyright (C) 2013 Free Software Foundation, Inc.
This is free software; see the source for copying conditions.  There is NO
warranty; not even for MERCHANTABILITY or FITNESS FOR A PARTICULAR PURPOSE.

configure:2285: $? = 0
configure:2292: gcc -v >&5
Using built-in specs.
COLLECT_GCC=gcc
COLLECT_LTO_WRAPPER=/usr/lib/gcc/x86_64-linux-gnu/4.8/lto-wrapper
Target: x86_64-linux-gnu
Configured with: ../src/configure -v --with-pkgversion='Ubuntu 4.8.4-2ubuntu1~14.04.3' --with-bugurl=file:///usr/share/doc/gcc-4.8/README.Bugs --enable-languages=c,c++,java,go,d,fortran,objc,obj-c++ --prefix=/usr --program-suffix=-4.8 --enable-shared --enable-linker-build-id --libexecdir=/usr/lib --without-included-gettext --enable-threads=posix --with-gxx-include-dir=/usr/include/c++/4.8 --libdir=/usr/lib --enable-nls --with-sysroot=/ --enable-clocale=gnu --enable-libstdcxx-debug --enable-libstdcxx-time=yes --enable-gnu-unique-object --disable-libmudflap --enable-plugin --with-system-zlib --disable-browser-plugin --enable-java-awt=gtk --enable-gtk-cairo --with-java-home=/usr/lib/jvm/java-1.5.0-gcj-4.8-amd64/jre --enable-java-home --with-jvm-root-dir=/usr/lib/jvm/java-1.5.0-gcj-4.8-amd64 --with-jvm-jar-dir=/usr/lib/jvm-exports/java-1.5.0-gcj-4.8-amd64 --with-arch-directory=amd64 --with-ecj-jar=/usr/share/java/eclipse-ecj.jar --enable-objc-gc --enable-multiarch --disable-werror --with-arch-32=i686 --with-abi=m64 --with-multilib-list=m32,m64,mx32 --with-tune=generic --enable-checking=release --build=x86_64-linux-gnu --host=x86_64-linux-gnu --target=x86_64-linux-gnu
Thread model: posix
gcc version 4.8.4 (Ubuntu 4.8.4-2ubuntu1~14.04.3) 
configure:2296: $? = 0
configure:2303: gcc -V >&5
gcc: error: unrecognized command line option '-V'
gcc: fatal error: no input files
compilation terminated.
configure:2307: $? = 4
configure:2330: checking for C compiler default output file name
configure:2352: gcc    conftest.c  >&5
configure:2356: $? = 0
configure:2394: result: a.out
configure:2411: checking whether the C compiler works
configure:2421: ./a.out
configure:2425: $? = 0
configure:2442: result: yes
configure:2449: checking whether we are cross compiling
configure:2451: result: no
configure:2454: checking for suffix of executables
configure:2461: gcc -o conftest    conftest.c  >&5
configure:2465: $? = 0
configure:2489: result: 
configure:2495: checking for suffix of object files
configure:2521: gcc -c   conftest.c >&5
configure:2525: $? = 0
configure:2548: result: o
configure:2552: checking whether we are using the GNU C compiler
configure:2581: gcc -c   conftest.c >&5
configure:2588: $? = 0
configure:2605: result: yes
configure:2614: checking whether gcc accepts -g
configure:2644: gcc -c -g  conftest.c >&5
configure:2651: $? = 0
configure:2752: result: yes
configure:2769: checking for gcc option to accept ISO C89
configure:2843: gcc  -c -g -O2  conftest.c >&5
configure:2850: $? = 0
configure:2873: result: none needed
configure:2897: checking how to run the C preprocessor
configure:2937: gcc -E  conftest.c
configure:2944: $? = 0
configure:2975: gcc -E  conftest.c
conftest.c:8:28: fatal error: ac_nonexistent.h: No such file or directory
 #include <ac_nonexistent.h>
                            ^
compilation terminated.
configure:2982: $? = 1
configure: failed program was:
| /* confdefs.h.  */
| #define PACKAGE_NAME "Spread_Util"
| #define PACKAGE_TARNAME "spread_util"
| #define PACKAGE_VERSION "4.3.0"
| #define PACKAGE_STRING "Spread_Util 4.3.0"
| #define PACKAGE_BUGREPORT ""
| /* end confdefs.h.  */
| #include <ac_nonexistent.h>
configure:3015: result: gcc -E
configure:3044: gcc -E  conftest.c
configure:3051: $? = 0
configure:3082: gcc -E  conftest.c
conftest.c:8:28: fatal error: ac_nonexistent.h: No such file or directory
 #include <ac_nonexistent.h>
                            ^
compilation terminated.
configure:3089: $? = 1
configure: failed program was:
| /* confdefs.h.  */
| #define PACKAGE_NAME "Spread_Util"
| #define PACKAGE_TARNAME "spread_util"
| #define PACKAGE_VERSION "4.3.0"
| #define PACKAGE_STRING "Spread_Util 4.3.0"
| #define PACKAGE_BUGREPORT ""
| /* end confdefs.h.  */
| #include <ac_nonexistent.h>
configure:3127: checking for grep that handles long lines and -e
configure:3187: result: /bin/grep
configure:3192: checking for egrep
configure:3256: result: /bin/grep -E
configure:3261: checking for ANSI C header files
configure:3291: gcc -c -g -O2  conftest.c >&5
configure:3298: $? = 0
configure:3397: gcc -o conftest -g -O2   conftest.c  >&5
configure:3401: $? = 0
configure:3407: ./conftest
configure:3411: $? = 0
configure:3429: result: yes
configure:3453: checking for sys/types.h
configure:3474: gcc -c -g -O2  conftest.c >&5
configure:3481: $? = 0
configure:3498: result: yes
configure:3453: checking for sys/stat.h
configure:3474: gcc -c -g -O2  conftest.c >&5
configure:3481: $? = 0
configure:3498: result: yes
configure:3453: checking for stdlib.h
configure:3474: gcc -c -g -O2  conftest.c >&5
configure:3481: $? = 0
configure:3498: result: yes
configure:3453: checking for string.h
configure:3474: gcc -c -g -O2  conftest.c >&5
configure:3481: $? = 0
configure:3498: result: yes
configure:3453: checking for memory.h
configure:3474: gcc -c -g -O2  conftest.c >&5
configure:3481: $? = 0
configure:3498: result: yes
configure:3453: checking for strings.h
configure:3474: gcc -c -g -O2  conftest.c >&5
configure:3481: $? = 0
configure:3498: result: yes
configure:3453: checking for inttypes.h
configure:3474: gcc -c -g -O2  conftest.c >&5
configure:3481: $? = 0
configure:3498: result: yes
configure:3453: checking for stdint.h
configure:3474: gcc -c -g -O2  conftest.c >&5
configure:3481: $? = 0
configure:3498: result: yes
configure:3453: checking for unistd.h
configure:3474: gcc -c -g -O2  conftest.c >&5
configure:3481: $? = 0
configure:3498: result: yes
configure:3512: checking whether byte ordering is bigendian
configure:3537: gcc -c -g -O2  conftest.c >&5
conftest.c:19:9: error: unknown type name 'neither'
         neither is defined;
         ^
conftest.c:19:20: error: expected '=', ',', ';', 'asm' or '__attribute__' before 'defined'
         neither is defined;
                    ^
configure:3544: $? = 1
configure: failed program was:
| /* confdefs.h.  */
| #define PACKAGE_NAME "Spread_Util"
| #define PACKAGE_TARNAME "spread_util"
| #define PACKAGE_VERSION "4.3.0"
| #define PACKAGE_STRING "Spread_Util 4.3.0"
| #define PACKAGE_BUGREPORT ""
| #define STDC_HEADERS 1
| #define HAVE_SYS_TYPES_H 1
| #define HAVE_SYS_STAT_H 1
| #define HAVE_STDLIB_H 1
| #define HAVE_STRING_H 1
| #define HAVE_MEMORY_H 1
| #define HAVE_STRINGS_H 1
| #define HAVE_INTTYPES_H 1
| #define HAVE_STDINT_H 1
| #define HAVE_UNISTD_H 1
| /* end confdefs.h.  */
| #if ! (defined __BIG_ENDIAN__ || defined __LITTLE_ENDIAN__)
| 	       neither is defined;
| 	     #endif
| 	     typedef int dummy;
| 
configure:3588: gcc -c -g -O2  conftest.c >&5
configure:3595: $? = 0
configure:3627: gcc -c -g -O2  conftest.c >&5
conftest.c: In function 'main':
conftest.c:25:4: error: unknown type name 'not'
    not big endian
    ^
conftest.c:25:12: error: expected '=', ',', ';', 'asm' or '__attribute__' before 'endian'
    not big endian
            ^
configure:3634: $? = 1
configure: failed program was:
| /* confdefs.h.  */
| #define PACKAGE_NAME "Spread_Util"
| #define PACKAGE_TARNAME "spread_util"
| #define PACKAGE_VERSION "4.3.0"
| #define PACKAGE_STRING "Spread_Util 4.3.0"
| #define PACKAGE_BUGREPORT ""
| #define STDC_HEADERS 1
| #define HAVE_SYS_TYPES_H 1
| #define HAVE_SYS_STAT_H 1
| #define HAVE_STDLIB_H 1
| #define HAVE_STRING_H 1
| #define HAVE_MEMORY_H 1
| #define HAVE_STRINGS_H 1
| #define HAVE_INTTYPES_H 1
| #define HAVE_STDINT_H 1
| #define HAVE_UNISTD_H 1
| /* end confdefs.h.  */
| #include <sys/types.h>
| 		#include <sys/param.h>
| 
| int
| main ()
| {
| #if BYTE_ORDER != BIG_ENDIAN
| 		 not big endian
| 		#endif
| 
|   ;
|   return 0;
| }
configure:3886: result: no
configure:3913: checking how to run the C preprocessor
configure:4031: result: gcc -E
configure:4060: gcc -E  conftest.c
configure:4067: $? = 0
configure:4098: gcc -E  conftest.c
conftest.c:18:28: fatal error: ac_nonexistent.h: No such file or directory
 #include <ac_nonexistent.h>
                            ^
compilation terminated.
configure:4105: $? = 1
configure: failed program was:
| /* confdefs.h.  */
| #define PACKAGE_NAME "Spread_Util"
| #define PACKAGE_TARNAME "spread_util"
| #define PACKAGE_VERSION "4.3.0"
| #define PACKAGE_STRING "Spread_Util 4.3.0"
| #define PACKAGE_BUGREPORT ""
| #define STDC_HEADERS 1
| #define HAVE_SYS_TYPES_H 1
| #define HAVE_SYS_STAT_H 1
| #define HAVE_STDLIB_H 1
| #define HAVE_STRING_H 1
| #define HAVE_MEMORY_H 1
| #define HAVE_STRINGS_H 1
| #define HAVE_INTTYPES_H 1
| #define HAVE_STDINT_H 1
| #define HAVE_UNISTD_H 1
| /* end confdefs.h.  */
| #include <ac_nonexistent.h>
configure:4185: checking for ranlib
configure:4201: found /usr/bin/ranlib
configure:4212: result: ranlib
configure:4252: checking for a BSD-compatible install
configure:4320: result: /usr/bin/install -c
configure:4331: checking whether ln -s works
configure:4335: result: yes
configure:4344: checking for ar
configure:4362: found /usr/bin/ar
configure:4374: result: /usr/bin/ar
configure:4386: checking for perl5
configure:4419: result: no
configure:4386: checking for perl
configure:4404: found /usr/bin/perl
configure:4416: result: /usr/bin/perl
configure:4441: checking for inline
configure:4467: gcc -c -g -O2  conftest.c >&5
configure:4474: $? = 0
configure:4492: result: inline
configure:4564: checking if we need -pthread for threads
configure:4592: gcc -o conftest -g -O2 -Wall  -pthread  conftest.c  >&5
configure:4599: $? = 0
configure:4623: result: yes
configure:4637: checking for pthread_create in -lpthread
configure:4672: gcc -o conftest -g -O2 -Wall   conftest.c -lpthread   >&5
configure:4679: $? = 0
configure:4700: result: yes
configure:4712: checking for thr_create in -lthread
configure:4747: gcc -o conftest -g -O2 -Wall   conftest.c -lthread  -lpthread  >&5
/usr/bin/ld: cannot find -lthread
collect2: error: ld returned 1 exit status
configure:4754: $? = 1
configure: failed program was:
| /* confdefs.h.  */
| #define PACKAGE_NAME "Spread_Util"
| #define PACKAGE_TARNAME "spread_util"
| #define PACKAGE_VERSION "4.3.0"
| #define PACKAGE_STRING "Spread_Util 4.3.0"
| #define PACKAGE_BUGREPORT ""
| #define STDC_HEADERS 1
| #define HAVE_SYS_TYPES_H 1
| #define HAVE_SYS_STAT_H 1
| #define HAVE_STDLIB_H 1
| #define HAVE_STRING_H 1
| #define HAVE_MEMORY_H 1
| #define HAVE_STRINGS_H 1
| #define HAVE_INTTYPES_H 1
| #define HAVE_STDINT_H 1
| #define HAVE_UNISTD_H 1
| #define HAVE_LIBPTHREAD 1
| /* end confdefs.h.  */
| 
| /* Override any GCC internal prototype to avoid an error.
|    Use char because int might match the return type of a GCC
|    builtin and then its argument prototype would still apply.  */
| #ifdef __cplusplus
| extern "C"
| #endif
| char thr_create ();
| int
| main ()
| {
| return thr_create ();
|   ;
|   return 0;
| }
configure:4775: result: no
configure:4787: checking for sem_wait in -lposix4
configure:4822: gcc -o conftest -g -O2 -Wall   conftest.c -lposix4  -lpthread  >&5
/usr/bin/ld: cannot find -lposix4
collect2: error: ld returned 1 exit status
configure:4829: $? = 1
configure: failed program was:
| /* confdefs.h.  */
| #define PACKAGE_NAME "Spread_Util"
| #define PACKAGE_TARNAME "spread_util"
| #define PACKAGE_VERSION "4.3.0"
| #define PACKAGE_STRING "Spread_Util 4.3.0"
| #define PACKAGE_BUGREPORT ""
| #define STDC_HEADERS 1
| #define HAVE_SYS_TYPES_H 1
| #define HAVE_SYS_STAT_H 1
| #define HAVE_STDLIB_H 1
| #define HAVE_STRING_H 1
| #define HAVE_MEMORY_H 1
| #define HAVE_STRINGS_H 1
| #define HAVE_INTTYPES_H 1
| #define HAVE_STDINT_H 1
| #define HAVE_UNISTD_H 1
| #define HAVE_LIBPTHREAD 1
| /* end confdefs.h.  */
| 
| /* Override any GCC internal prototype to avoid an error.
|    Use char because int might match the return type of a GCC
|    builtin and then its argument prototype would still apply.  */
| #ifdef __cplusplus
| extern "C"
| #endif
| char sem_wait ();
| int
| main ()
| {
| return sem_wait ();
|   ;
|   return 0;
| }
configure:4850: result: no
configure:4867: checking for pthread_atfork
configure:4923: gcc -o conftest -g -O2 -Wall   conftest.c -lpthread  >&5
configure:4930: $? = 0
configure:4952: result: yes
configure:4966: checking for gethostbyaddr in -lnsl
configure:5001: gcc -o conftest -g -O2 -Wall   conftest.c -lnsl   >&5
configure:5008: $? = 0
configure:5029: result: yes
configure:5041: checking for socket in -lsocket
configure:5076: gcc -o conftest -g -O2 -Wall   conftest.c -lsocket  -lnsl  >&5
/usr/bin/ld: cannot find -lsocket
collect2: error: ld returned 1 exit status
configure:5083: $? = 1
configure: failed program was:
| /* confdefs.h.  */
| #define PACKAGE_NAME "Spread_Util"
| #define PACKAGE_TARNAME "spread_util"
| #define PACKAGE_VERSION "4.3.0"
| #define PACKAGE_STRING "Spread_Util 4.3.0"
| #define PACKAGE_BUGREPORT ""
| #define STDC_HEADERS 1
| #define HAVE_SYS_TYPES_H 1
| #define HAVE_SYS_STAT_H 1
| #define HAVE_STDLIB_H 1
| #define HAVE_STRING_H 1
| #define HAVE_MEMORY_H 1
| #define HAVE_STRINGS_H 1
| #define HAVE_INTTYPES_H 1
| #define HAVE_STDINT_H 1
| #define HAVE_UNISTD_H 1
| #define HAVE_LIBPTHREAD 1
| #define HAVE_PTHREAD_ATFORK 1
| #define HAVE_LIBNSL 1
| /* end confdefs.h.  */
| 
| /* Override any GCC internal prototype to avoid an error.
|    Use char because int might match the return type of a GCC
|    builtin and then its argument prototype would still apply.  */
| #ifdef __cplusplus
| extern "C"
| #endif
| char socket ();
| int
| main ()
| {
| return socket ();
|   ;
|   return 0;
| }
configure:5104: result: no
configure:5115: checking for library containing shm_open
configure:5156: gcc -o conftest -g -O2 -Wall   conftest.c -lnsl  >&5
/tmp/ccpSbGhO.o: In function `main':
/home/weichao/VDL-disk/qiuwch/VDL/universe-starter-agent/install/spread/spread-src-4.4.0/libspread-util/conftest.c:32: undefined reference to `shm_open'
collect2: error: ld returned 1 exit status
configure:5163: $? = 1
configure: failed program was:
| /* confdefs.h.  */
| #define PACKAGE_NAME "Spread_Util"
| #define PACKAGE_TARNAME "spread_util"
| #define PACKAGE_VERSION "4.3.0"
| #define PACKAGE_STRING "Spread_Util 4.3.0"
| #define PACKAGE_BUGREPORT ""
| #define STDC_HEADERS 1
| #define HAVE_SYS_TYPES_H 1
| #define HAVE_SYS_STAT_H 1
| #define HAVE_STDLIB_H 1
| #define HAVE_STRING_H 1
| #define HAVE_MEMORY_H 1
| #define HAVE_STRINGS_H 1
| #define HAVE_INTTYPES_H 1
| #define HAVE_STDINT_H 1
| #define HAVE_UNISTD_H 1
| #define HAVE_LIBPTHREAD 1
| #define HAVE_PTHREAD_ATFORK 1
| #define HAVE_LIBNSL 1
| /* end confdefs.h.  */
| 
| /* Override any GCC internal prototype to avoid an error.
|    Use char because int might match the return type of a GCC
|    builtin and then its argument prototype would still apply.  */
| #ifdef __cplusplus
| extern "C"
| #endif
| char shm_open ();
| int
| main ()
| {
| return shm_open ();
|   ;
|   return 0;
| }
configure:5156: gcc -o conftest -g -O2 -Wall   conftest.c -lrt  -lnsl  >&5
configure:5163: $? = 0
configure:5194: result: -lrt
configure:5202: checking for library containing nanosleep
configure:5243: gcc -o conftest -g -O2 -Wall   conftest.c -lrt -lnsl  >&5
configure:5250: $? = 0
configure:5281: result: none required
configure:5290: checking for sqrt in -lm
configure:5325: gcc -o conftest -g -O2 -Wall   conftest.c -lm  -lrt -lnsl  >&5
conftest.c:28:6: warning: conflicting types for built-in function 'sqrt' [enabled by default]
 char sqrt ();
      ^
configure:5332: $? = 0
configure:5353: result: yes
configure:5369: checking for strftime
configure:5425: gcc -o conftest -g -O2 -Wall   conftest.c -lm -lrt -lnsl  >&5
conftest.c:45:6: warning: conflicting types for built-in function 'strftime' [enabled by default]
 char strftime ();
      ^
configure:5432: $? = 0
configure:5454: result: yes
configure:5589: checking arpa/inet.h usability
configure:5606: gcc -c -g -O2 -Wall  conftest.c >&5
configure:5613: $? = 0
configure:5627: result: yes
configure:5631: checking arpa/inet.h presence
configure:5646: gcc -E  conftest.c
configure:5653: $? = 0
configure:5667: result: yes
configure:5695: checking for arpa/inet.h
configure:5704: result: yes
configure:5589: checking assert.h usability
configure:5606: gcc -c -g -O2 -Wall  conftest.c >&5
configure:5613: $? = 0
configure:5627: result: yes
configure:5631: checking assert.h presence
configure:5646: gcc -E  conftest.c
configure:5653: $? = 0
configure:5667: result: yes
configure:5695: checking for assert.h
configure:5704: result: yes
configure:5589: checking errno.h usability
configure:5606: gcc -c -g -O2 -Wall  conftest.c >&5
configure:5613: $? = 0
configure:5627: result: yes
configure:5631: checking errno.h presence
configure:5646: gcc -E  conftest.c
configure:5653: $? = 0
configure:5667: result: yes
configure:5695: checking for errno.h
configure:5704: result: yes
configure:5589: checking grp.h usability
configure:5606: gcc -c -g -O2 -Wall  conftest.c >&5
configure:5613: $? = 0
configure:5627: result: yes
configure:5631: checking grp.h presence
configure:5646: gcc -E  conftest.c
configure:5653: $? = 0
configure:5667: result: yes
configure:5695: checking for grp.h
configure:5704: result: yes
configure:5589: checking limits.h usability
configure:5606: gcc -c -g -O2 -Wall  conftest.c >&5
configure:5613: $? = 0
configure:5627: result: yes
configure:5631: checking limits.h presence
configure:5646: gcc -E  conftest.c
configure:5653: $? = 0
configure:5667: result: yes
configure:5695: checking for limits.h
configure:5704: result: yes
configure:5589: checking netdb.h usability
configure:5606: gcc -c -g -O2 -Wall  conftest.c >&5
configure:5613: $? = 0
configure:5627: result: yes
configure:5631: checking netdb.h presence
configure:5646: gcc -E  conftest.c
configure:5653: $? = 0
configure:5667: result: yes
configure:5695: checking for netdb.h
configure:5704: result: yes
configure:5589: checking netinet/in.h usability
configure:5606: gcc -c -g -O2 -Wall  conftest.c >&5
configure:5613: $? = 0
configure:5627: result: yes
configure:5631: checking netinet/in.h presence
configure:5646: gcc -E  conftest.c
configure:5653: $? = 0
configure:5667: result: yes
configure:5695: checking for netinet/in.h
configure:5704: result: yes
configure:5589: checking netinet/tcp.h usability
configure:5606: gcc -c -g -O2 -Wall  conftest.c >&5
configure:5613: $? = 0
configure:5627: result: yes
configure:5631: checking netinet/tcp.h presence
configure:5646: gcc -E  conftest.c
configure:5653: $? = 0
configure:5667: result: yes
configure:5695: checking for netinet/tcp.h
configure:5704: result: yes
configure:5589: checking process.h usability
configure:5606: gcc -c -g -O2 -Wall  conftest.c >&5
conftest.c:64:21: fatal error: process.h: No such file or directory
 #include <process.h>
                     ^
compilation terminated.
configure:5613: $? = 1
configure: failed program was:
| /* confdefs.h.  */
| #define PACKAGE_NAME "Spread_Util"
| #define PACKAGE_TARNAME "spread_util"
| #define PACKAGE_VERSION "4.3.0"
| #define PACKAGE_STRING "Spread_Util 4.3.0"
| #define PACKAGE_BUGREPORT ""
| #define STDC_HEADERS 1
| #define HAVE_SYS_TYPES_H 1
| #define HAVE_SYS_STAT_H 1
| #define HAVE_STDLIB_H 1
| #define HAVE_STRING_H 1
| #define HAVE_MEMORY_H 1
| #define HAVE_STRINGS_H 1
| #define HAVE_INTTYPES_H 1
| #define HAVE_STDINT_H 1
| #define HAVE_UNISTD_H 1
| #define HAVE_LIBPTHREAD 1
| #define HAVE_PTHREAD_ATFORK 1
| #define HAVE_LIBNSL 1
| #define HAVE_LIBM 1
| #define HAVE_STRFTIME 1
| #define HAVE_ARPA_INET_H 1
| #define HAVE_ASSERT_H 1
| #define HAVE_ERRNO_H 1
| #define HAVE_GRP_H 1
| #define HAVE_LIMITS_H 1
| #define HAVE_NETDB_H 1
| #define HAVE_NETINET_IN_H 1
| #define HAVE_NETINET_TCP_H 1
| /* end confdefs.h.  */
| #include <stdio.h>
| #ifdef HAVE_SYS_TYPES_H
| # include <sys/types.h>
| #endif
| #ifdef HAVE_SYS_STAT_H
| # include <sys/stat.h>
| #endif
| #ifdef STDC_HEADERS
| # include <stdlib.h>
| # include <stddef.h>
| #else
| # ifdef HAVE_STDLIB_H
| #  include <stdlib.h>
| # endif
| #endif
| #ifdef HAVE_STRING_H
| # if !defined STDC_HEADERS && defined HAVE_MEMORY_H
| #  include <memory.h>
| # endif
| # include <string.h>
| #endif
| #ifdef HAVE_STRINGS_H
| # include <strings.h>
| #endif
| #ifdef HAVE_INTTYPES_H
| # include <inttypes.h>
| #endif
| #ifdef HAVE_STDINT_H
| # include <stdint.h>
| #endif
| #ifdef HAVE_UNISTD_H
| # include <unistd.h>
| #endif
| #include <process.h>
configure:5627: result: no
configure:5631: checking process.h presence
configure:5646: gcc -E  conftest.c
conftest.c:31:21: fatal error: process.h: No such file or directory
 #include <process.h>
                     ^
compilation terminated.
configure:5653: $? = 1
configure: failed program was:
| /* confdefs.h.  */
| #define PACKAGE_NAME "Spread_Util"
| #define PACKAGE_TARNAME "spread_util"
| #define PACKAGE_VERSION "4.3.0"
| #define PACKAGE_STRING "Spread_Util 4.3.0"
| #define PACKAGE_BUGREPORT ""
| #define STDC_HEADERS 1
| #define HAVE_SYS_TYPES_H 1
| #define HAVE_SYS_STAT_H 1
| #define HAVE_STDLIB_H 1
| #define HAVE_STRING_H 1
| #define HAVE_MEMORY_H 1
| #define HAVE_STRINGS_H 1
| #define HAVE_INTTYPES_H 1
| #define HAVE_STDINT_H 1
| #define HAVE_UNISTD_H 1
| #define HAVE_LIBPTHREAD 1
| #define HAVE_PTHREAD_ATFORK 1
| #define HAVE_LIBNSL 1
| #define HAVE_LIBM 1
| #define HAVE_STRFTIME 1
| #define HAVE_ARPA_INET_H 1
| #define HAVE_ASSERT_H 1
| #define HAVE_ERRNO_H 1
| #define HAVE_GRP_H 1
| #define HAVE_LIMITS_H 1
| #define HAVE_NETDB_H 1
| #define HAVE_NETINET_IN_H 1
| #define HAVE_NETINET_TCP_H 1
| /* end confdefs.h.  */
| #include <process.h>
configure:5667: result: no
configure:5695: checking for process.h
configure:5704: result: no
configure:5589: checking pthread.h usability
configure:5606: gcc -c -g -O2 -Wall  conftest.c >&5
configure:5613: $? = 0
configure:5627: result: yes
configure:5631: checking pthread.h presence
configure:5646: gcc -E  conftest.c
configure:5653: $? = 0
configure:5667: result: yes
configure:5695: checking for pthread.h
configure:5704: result: yes
configure:5589: checking pwd.h usability
configure:5606: gcc -c -g -O2 -Wall  conftest.c >&5
configure:5613: $? = 0
configure:5627: result: yes
configure:5631: checking pwd.h presence
configure:5646: gcc -E  conftest.c
configure:5653: $? = 0
configure:5667: result: yes
configure:5695: checking for pwd.h
configure:5704: result: yes
configure:5589: checking signal.h usability
configure:5606: gcc -c -g -O2 -Wall  conftest.c >&5
configure:5613: $? = 0
configure:5627: result: yes
configure:5631: checking signal.h presence
configure:5646: gcc -E  conftest.c
configure:5653: $? = 0
configure:5667: result: yes
configure:5695: checking for signal.h
configure:5704: result: yes
configure:5589: checking stdarg.h usability
configure:5606: gcc -c -g -O2 -Wall  conftest.c >&5
configure:5613: $? = 0
configure:5627: result: yes
configure:5631: checking stdarg.h presence
configure:5646: gcc -E  conftest.c
configure:5653: $? = 0
configure:5667: result: yes
configure:5695: checking for stdarg.h
configure:5704: result: yes
configure:5578: checking for stdint.h
configure:5585: result: yes
configure:5589: checking stdio.h usability
configure:5606: gcc -c -g -O2 -Wall  conftest.c >&5
configure:5613: $? = 0
configure:5627: result: yes
configure:5631: checking stdio.h presence
configure:5646: gcc -E  conftest.c
configure:5653: $? = 0
configure:5667: result: yes
configure:5695: checking for stdio.h
configure:5704: result: yes
configure:5578: checking for stdlib.h
configure:5585: result: yes
configure:5578: checking for string.h
configure:5585: result: yes
configure:5589: checking sys/inttypes.h usability
configure:5606: gcc -c -g -O2 -Wall  conftest.c >&5
conftest.c:72:26: fatal error: sys/inttypes.h: No such file or directory
 #include <sys/inttypes.h>
                          ^
compilation terminated.
configure:5613: $? = 1
configure: failed program was:
| /* confdefs.h.  */
| #define PACKAGE_NAME "Spread_Util"
| #define PACKAGE_TARNAME "spread_util"
| #define PACKAGE_VERSION "4.3.0"
| #define PACKAGE_STRING "Spread_Util 4.3.0"
| #define PACKAGE_BUGREPORT ""
| #define STDC_HEADERS 1
| #define HAVE_SYS_TYPES_H 1
| #define HAVE_SYS_STAT_H 1
| #define HAVE_STDLIB_H 1
| #define HAVE_STRING_H 1
| #define HAVE_MEMORY_H 1
| #define HAVE_STRINGS_H 1
| #define HAVE_INTTYPES_H 1
| #define HAVE_STDINT_H 1
| #define HAVE_UNISTD_H 1
| #define HAVE_LIBPTHREAD 1
| #define HAVE_PTHREAD_ATFORK 1
| #define HAVE_LIBNSL 1
| #define HAVE_LIBM 1
| #define HAVE_STRFTIME 1
| #define HAVE_ARPA_INET_H 1
| #define HAVE_ASSERT_H 1
| #define HAVE_ERRNO_H 1
| #define HAVE_GRP_H 1
| #define HAVE_LIMITS_H 1
| #define HAVE_NETDB_H 1
| #define HAVE_NETINET_IN_H 1
| #define HAVE_NETINET_TCP_H 1
| #define HAVE_PTHREAD_H 1
| #define HAVE_PWD_H 1
| #define HAVE_SIGNAL_H 1
| #define HAVE_STDARG_H 1
| #define HAVE_STDINT_H 1
| #define HAVE_STDIO_H 1
| #define HAVE_STDLIB_H 1
| #define HAVE_STRING_H 1
| /* end confdefs.h.  */
| #include <stdio.h>
| #ifdef HAVE_SYS_TYPES_H
| # include <sys/types.h>
| #endif
| #ifdef HAVE_SYS_STAT_H
| # include <sys/stat.h>
| #endif
| #ifdef STDC_HEADERS
| # include <stdlib.h>
| # include <stddef.h>
| #else
| # ifdef HAVE_STDLIB_H
| #  include <stdlib.h>
| # endif
| #endif
| #ifdef HAVE_STRING_H
| # if !defined STDC_HEADERS && defined HAVE_MEMORY_H
| #  include <memory.h>
| # endif
| # include <string.h>
| #endif
| #ifdef HAVE_STRINGS_H
| # include <strings.h>
| #endif
| #ifdef HAVE_INTTYPES_H
| # include <inttypes.h>
| #endif
| #ifdef HAVE_STDINT_H
| # include <stdint.h>
| #endif
| #ifdef HAVE_UNISTD_H
| # include <unistd.h>
| #endif
| #include <sys/inttypes.h>
configure:5627: result: no
configure:5631: checking sys/inttypes.h presence
configure:5646: gcc -E  conftest.c
conftest.c:39:26: fatal error: sys/inttypes.h: No such file or directory
 #include <sys/inttypes.h>
                          ^
compilation terminated.
configure:5653: $? = 1
configure: failed program was:
| /* confdefs.h.  */
| #define PACKAGE_NAME "Spread_Util"
| #define PACKAGE_TARNAME "spread_util"
| #define PACKAGE_VERSION "4.3.0"
| #define PACKAGE_STRING "Spread_Util 4.3.0"
| #define PACKAGE_BUGREPORT ""
| #define STDC_HEADERS 1
| #define HAVE_SYS_TYPES_H 1
| #define HAVE_SYS_STAT_H 1
| #define HAVE_STDLIB_H 1
| #define HAVE_STRING_H 1
| #define HAVE_MEMORY_H 1
| #define HAVE_STRINGS_H 1
| #define HAVE_INTTYPES_H 1
| #define HAVE_STDINT_H 1
| #define HAVE_UNISTD_H 1
| #define HAVE_LIBPTHREAD 1
| #define HAVE_PTHREAD_ATFORK 1
| #define HAVE_LIBNSL 1
| #define HAVE_LIBM 1
| #define HAVE_STRFTIME 1
| #define HAVE_ARPA_INET_H 1
| #define HAVE_ASSERT_H 1
| #define HAVE_ERRNO_H 1
| #define HAVE_GRP_H 1
| #define HAVE_LIMITS_H 1
| #define HAVE_NETDB_H 1
| #define HAVE_NETINET_IN_H 1
| #define HAVE_NETINET_TCP_H 1
| #define HAVE_PTHREAD_H 1
| #define HAVE_PWD_H 1
| #define HAVE_SIGNAL_H 1
| #define HAVE_STDARG_H 1
| #define HAVE_STDINT_H 1
| #define HAVE_STDIO_H 1
| #define HAVE_STDLIB_H 1
| #define HAVE_STRING_H 1
| /* end confdefs.h.  */
| #include <sys/inttypes.h>
configure:5667: result: no
configure:5695: checking for sys/inttypes.h
configure:5704: result: no
configure:5589: checking sys/ioctl.h usability
configure:5606: gcc -c -g -O2 -Wall  conftest.c >&5
configure:5613: $? = 0
configure:5627: result: yes
configure:5631: checking sys/ioctl.h presence
configure:5646: gcc -E  conftest.c
configure:5653: $? = 0
configure:5667: result: yes
configure:5695: checking for sys/ioctl.h
configure:5704: result: yes
configure:5589: checking sys/param.h usability
configure:5606: gcc -c -g -O2 -Wall  conftest.c >&5
configure:5613: $? = 0
configure:5627: result: yes
configure:5631: checking sys/param.h presence
configure:5646: gcc -E  conftest.c
configure:5653: $? = 0
configure:5667: result: yes
configure:5695: checking for sys/param.h
configure:5704: result: yes
configure:5589: checking sys/socket.h usability
configure:5606: gcc -c -g -O2 -Wall  conftest.c >&5
configure:5613: $? = 0
configure:5627: result: yes
configure:5631: checking sys/socket.h presence
configure:5646: gcc -E  conftest.c
configure:5653: $? = 0
configure:5667: result: yes
configure:5695: checking for sys/socket.h
configure:5704: result: yes
configure:5578: checking for sys/stat.h
configure:5585: result: yes
configure:5589: checking sys/time.h usability
configure:5606: gcc -c -g -O2 -Wall  conftest.c >&5
configure:5613: $? = 0
configure:5627: result: yes
configure:5631: checking sys/time.h presence
configure:5646: gcc -E  conftest.c
configure:5653: $? = 0
configure:5667: result: yes
configure:5695: checking for sys/time.h
configure:5704: result: yes
configure:5589: checking sys/timeb.h usability
configure:5606: gcc -c -g -O2 -Wall  conftest.c >&5
configure:5613: $? = 0
configure:5627: result: yes
configure:5631: checking sys/timeb.h presence
configure:5646: gcc -E  conftest.c
configure:5653: $? = 0
configure:5667: result: yes
configure:5695: checking for sys/timeb.h
configure:5704: result: yes
configure:5578: checking for sys/types.h
configure:5585: result: yes
configure:5589: checking sys/uio.h usability
configure:5606: gcc -c -g -O2 -Wall  conftest.c >&5
configure:5613: $? = 0
configure:5627: result: yes
configure:5631: checking sys/uio.h presence
configure:5646: gcc -E  conftest.c
configure:5653: $? = 0
configure:5667: result: yes
configure:5695: checking for sys/uio.h
configure:5704: result: yes
configure:5589: checking sys/un.h usability
configure:5606: gcc -c -g -O2 -Wall  conftest.c >&5
configure:5613: $? = 0
configure:5627: result: yes
configure:5631: checking sys/un.h presence
configure:5646: gcc -E  conftest.c
configure:5653: $? = 0
configure:5667: result: yes
configure:5695: checking for sys/un.h
configure:5704: result: yes
configure:5589: checking sys/filio.h usability
configure:5606: gcc -c -g -O2 -Wall  conftest.c >&5
conftest.c:81:23: fatal error: sys/filio.h: No such file or directory
 #include <sys/filio.h>
                       ^
compilation terminated.
configure:5613: $? = 1
configure: failed program was:
| /* confdefs.h.  */
| #define PACKAGE_NAME "Spread_Util"
| #define PACKAGE_TARNAME "spread_util"
| #define PACKAGE_VERSION "4.3.0"
| #define PACKAGE_STRING "Spread_Util 4.3.0"
| #define PACKAGE_BUGREPORT ""
| #define STDC_HEADERS 1
| #define HAVE_SYS_TYPES_H 1
| #define HAVE_SYS_STAT_H 1
| #define HAVE_STDLIB_H 1
| #define HAVE_STRING_H 1
| #define HAVE_MEMORY_H 1
| #define HAVE_STRINGS_H 1
| #define HAVE_INTTYPES_H 1
| #define HAVE_STDINT_H 1
| #define HAVE_UNISTD_H 1
| #define HAVE_LIBPTHREAD 1
| #define HAVE_PTHREAD_ATFORK 1
| #define HAVE_LIBNSL 1
| #define HAVE_LIBM 1
| #define HAVE_STRFTIME 1
| #define HAVE_ARPA_INET_H 1
| #define HAVE_ASSERT_H 1
| #define HAVE_ERRNO_H 1
| #define HAVE_GRP_H 1
| #define HAVE_LIMITS_H 1
| #define HAVE_NETDB_H 1
| #define HAVE_NETINET_IN_H 1
| #define HAVE_NETINET_TCP_H 1
| #define HAVE_PTHREAD_H 1
| #define HAVE_PWD_H 1
| #define HAVE_SIGNAL_H 1
| #define HAVE_STDARG_H 1
| #define HAVE_STDINT_H 1
| #define HAVE_STDIO_H 1
| #define HAVE_STDLIB_H 1
| #define HAVE_STRING_H 1
| #define HAVE_SYS_IOCTL_H 1
| #define HAVE_SYS_PARAM_H 1
| #define HAVE_SYS_SOCKET_H 1
| #define HAVE_SYS_STAT_H 1
| #define HAVE_SYS_TIME_H 1
| #define HAVE_SYS_TIMEB_H 1
| #define HAVE_SYS_TYPES_H 1
| #define HAVE_SYS_UIO_H 1
| #define HAVE_SYS_UN_H 1
| /* end confdefs.h.  */
| #include <stdio.h>
| #ifdef HAVE_SYS_TYPES_H
| # include <sys/types.h>
| #endif
| #ifdef HAVE_SYS_STAT_H
| # include <sys/stat.h>
| #endif
| #ifdef STDC_HEADERS
| # include <stdlib.h>
| # include <stddef.h>
| #else
| # ifdef HAVE_STDLIB_H
| #  include <stdlib.h>
| # endif
| #endif
| #ifdef HAVE_STRING_H
| # if !defined STDC_HEADERS && defined HAVE_MEMORY_H
| #  include <memory.h>
| # endif
| # include <string.h>
| #endif
| #ifdef HAVE_STRINGS_H
| # include <strings.h>
| #endif
| #ifdef HAVE_INTTYPES_H
| # include <inttypes.h>
| #endif
| #ifdef HAVE_STDINT_H
| # include <stdint.h>
| #endif
| #ifdef HAVE_UNISTD_H
| # include <unistd.h>
| #endif
| #include <sys/filio.h>
configure:5627: result: no
configure:5631: checking sys/filio.h presence
configure:5646: gcc -E  conftest.c
conftest.c:48:23: fatal error: sys/filio.h: No such file or directory
 #include <sys/filio.h>
                       ^
compilation terminated.
configure:5653: $? = 1
configure: failed program was:
| /* confdefs.h.  */
| #define PACKAGE_NAME "Spread_Util"
| #define PACKAGE_TARNAME "spread_util"
| #define PACKAGE_VERSION "4.3.0"
| #define PACKAGE_STRING "Spread_Util 4.3.0"
| #define PACKAGE_BUGREPORT ""
| #define STDC_HEADERS 1
| #define HAVE_SYS_TYPES_H 1
| #define HAVE_SYS_STAT_H 1
| #define HAVE_STDLIB_H 1
| #define HAVE_STRING_H 1
| #define HAVE_MEMORY_H 1
| #define HAVE_STRINGS_H 1
| #define HAVE_INTTYPES_H 1
| #define HAVE_STDINT_H 1
| #define HAVE_UNISTD_H 1
| #define HAVE_LIBPTHREAD 1
| #define HAVE_PTHREAD_ATFORK 1
| #define HAVE_LIBNSL 1
| #define HAVE_LIBM 1
| #define HAVE_STRFTIME 1
| #define HAVE_ARPA_INET_H 1
| #define HAVE_ASSERT_H 1
| #define HAVE_ERRNO_H 1
| #define HAVE_GRP_H 1
| #define HAVE_LIMITS_H 1
| #define HAVE_NETDB_H 1
| #define HAVE_NETINET_IN_H 1
| #define HAVE_NETINET_TCP_H 1
| #define HAVE_PTHREAD_H 1
| #define HAVE_PWD_H 1
| #define HAVE_SIGNAL_H 1
| #define HAVE_STDARG_H 1
| #define HAVE_STDINT_H 1
| #define HAVE_STDIO_H 1
| #define HAVE_STDLIB_H 1
| #define HAVE_STRING_H 1
| #define HAVE_SYS_IOCTL_H 1
| #define HAVE_SYS_PARAM_H 1
| #define HAVE_SYS_SOCKET_H 1
| #define HAVE_SYS_STAT_H 1
| #define HAVE_SYS_TIME_H 1
| #define HAVE_SYS_TIMEB_H 1
| #define HAVE_SYS_TYPES_H 1
| #define HAVE_SYS_UIO_H 1
| #define HAVE_SYS_UN_H 1
| /* end confdefs.h.  */
| #include <sys/filio.h>
configure:5667: result: no
configure:5695: checking for sys/filio.h
configure:5704: result: no
configure:5589: checking time.h usability
configure:5606: gcc -c -g -O2 -Wall  conftest.c >&5
configure:5613: $? = 0
configure:5627: result: yes
configure:5631: checking time.h presence
configure:5646: gcc -E  conftest.c
configure:5653: $? = 0
configure:5667: result: yes
configure:5695: checking for time.h
configure:5704: result: yes
configure:5578: checking for unistd.h
configure:5585: result: yes
configure:5589: checking windows.h usability
configure:5606: gcc -c -g -O2 -Wall  conftest.c >&5
conftest.c:83:21: fatal error: windows.h: No such file or directory
 #include <windows.h>
                     ^
compilation terminated.
configure:5613: $? = 1
configure: failed program was:
| /* confdefs.h.  */
| #define PACKAGE_NAME "Spread_Util"
| #define PACKAGE_TARNAME "spread_util"
| #define PACKAGE_VERSION "4.3.0"
| #define PACKAGE_STRING "Spread_Util 4.3.0"
| #define PACKAGE_BUGREPORT ""
| #define STDC_HEADERS 1
| #define HAVE_SYS_TYPES_H 1
| #define HAVE_SYS_STAT_H 1
| #define HAVE_STDLIB_H 1
| #define HAVE_STRING_H 1
| #define HAVE_MEMORY_H 1
| #define HAVE_STRINGS_H 1
| #define HAVE_INTTYPES_H 1
| #define HAVE_STDINT_H 1
| #define HAVE_UNISTD_H 1
| #define HAVE_LIBPTHREAD 1
| #define HAVE_PTHREAD_ATFORK 1
| #define HAVE_LIBNSL 1
| #define HAVE_LIBM 1
| #define HAVE_STRFTIME 1
| #define HAVE_ARPA_INET_H 1
| #define HAVE_ASSERT_H 1
| #define HAVE_ERRNO_H 1
| #define HAVE_GRP_H 1
| #define HAVE_LIMITS_H 1
| #define HAVE_NETDB_H 1
| #define HAVE_NETINET_IN_H 1
| #define HAVE_NETINET_TCP_H 1
| #define HAVE_PTHREAD_H 1
| #define HAVE_PWD_H 1
| #define HAVE_SIGNAL_H 1
| #define HAVE_STDARG_H 1
| #define HAVE_STDINT_H 1
| #define HAVE_STDIO_H 1
| #define HAVE_STDLIB_H 1
| #define HAVE_STRING_H 1
| #define HAVE_SYS_IOCTL_H 1
| #define HAVE_SYS_PARAM_H 1
| #define HAVE_SYS_SOCKET_H 1
| #define HAVE_SYS_STAT_H 1
| #define HAVE_SYS_TIME_H 1
| #define HAVE_SYS_TIMEB_H 1
| #define HAVE_SYS_TYPES_H 1
| #define HAVE_SYS_UIO_H 1
| #define HAVE_SYS_UN_H 1
| #define HAVE_TIME_H 1
| #define HAVE_UNISTD_H 1
| /* end confdefs.h.  */
| #include <stdio.h>
| #ifdef HAVE_SYS_TYPES_H
| # include <sys/types.h>
| #endif
| #ifdef HAVE_SYS_STAT_H
| # include <sys/stat.h>
| #endif
| #ifdef STDC_HEADERS
| # include <stdlib.h>
| # include <stddef.h>
| #else
| # ifdef HAVE_STDLIB_H
| #  include <stdlib.h>
| # endif
| #endif
| #ifdef HAVE_STRING_H
| # if !defined STDC_HEADERS && defined HAVE_MEMORY_H
| #  include <memory.h>
| # endif
| # include <string.h>
| #endif
| #ifdef HAVE_STRINGS_H
| # include <strings.h>
| #endif
| #ifdef HAVE_INTTYPES_H
| # include <inttypes.h>
| #endif
| #ifdef HAVE_STDINT_H
| # include <stdint.h>
| #endif
| #ifdef HAVE_UNISTD_H
| # include <unistd.h>
| #endif
| #include <windows.h>
configure:5627: result: no
configure:5631: checking windows.h presence
configure:5646: gcc -E  conftest.c
conftest.c:50:21: fatal error: windows.h: No such file or directory
 #include <windows.h>
                     ^
compilation terminated.
configure:5653: $? = 1
configure: failed program was:
| /* confdefs.h.  */
| #define PACKAGE_NAME "Spread_Util"
| #define PACKAGE_TARNAME "spread_util"
| #define PACKAGE_VERSION "4.3.0"
| #define PACKAGE_STRING "Spread_Util 4.3.0"
| #define PACKAGE_BUGREPORT ""
| #define STDC_HEADERS 1
| #define HAVE_SYS_TYPES_H 1
| #define HAVE_SYS_STAT_H 1
| #define HAVE_STDLIB_H 1
| #define HAVE_STRING_H 1
| #define HAVE_MEMORY_H 1
| #define HAVE_STRINGS_H 1
| #define HAVE_INTTYPES_H 1
| #define HAVE_STDINT_H 1
| #define HAVE_UNISTD_H 1
| #define HAVE_LIBPTHREAD 1
| #define HAVE_PTHREAD_ATFORK 1
| #define HAVE_LIBNSL 1
| #define HAVE_LIBM 1
| #define HAVE_STRFTIME 1
| #define HAVE_ARPA_INET_H 1
| #define HAVE_ASSERT_H 1
| #define HAVE_ERRNO_H 1
| #define HAVE_GRP_H 1
| #define HAVE_LIMITS_H 1
| #define HAVE_NETDB_H 1
| #define HAVE_NETINET_IN_H 1
| #define HAVE_NETINET_TCP_H 1
| #define HAVE_PTHREAD_H 1
| #define HAVE_PWD_H 1
| #define HAVE_SIGNAL_H 1
| #define HAVE_STDARG_H 1
| #define HAVE_STDINT_H 1
| #define HAVE_STDIO_H 1
| #define HAVE_STDLIB_H 1
| #define HAVE_STRING_H 1
| #define HAVE_SYS_IOCTL_H 1
| #define HAVE_SYS_PARAM_H 1
| #define HAVE_SYS_SOCKET_H 1
| #define HAVE_SYS_STAT_H 1
| #define HAVE_SYS_TIME_H 1
| #define HAVE_SYS_TIMEB_H 1
| #define HAVE_SYS_TYPES_H 1
| #define HAVE_SYS_UIO_H 1
| #define HAVE_SYS_UN_H 1
| #define HAVE_TIME_H 1
| #define HAVE_UNISTD_H 1
| /* end confdefs.h.  */
| #include <windows.h>
configure:5667: result: no
configure:5695: checking for windows.h
configure:5704: result: no
configure:5589: checking winsock.h usability
configure:5606: gcc -c -g -O2 -Wall  conftest.c >&5
conftest.c:83:21: fatal error: winsock.h: No such file or directory
 #include <winsock.h>
                     ^
compilation terminated.
configure:5613: $? = 1
configure: failed program was:
| /* confdefs.h.  */
| #define PACKAGE_NAME "Spread_Util"
| #define PACKAGE_TARNAME "spread_util"
| #define PACKAGE_VERSION "4.3.0"
| #define PACKAGE_STRING "Spread_Util 4.3.0"
| #define PACKAGE_BUGREPORT ""
| #define STDC_HEADERS 1
| #define HAVE_SYS_TYPES_H 1
| #define HAVE_SYS_STAT_H 1
| #define HAVE_STDLIB_H 1
| #define HAVE_STRING_H 1
| #define HAVE_MEMORY_H 1
| #define HAVE_STRINGS_H 1
| #define HAVE_INTTYPES_H 1
| #define HAVE_STDINT_H 1
| #define HAVE_UNISTD_H 1
| #define HAVE_LIBPTHREAD 1
| #define HAVE_PTHREAD_ATFORK 1
| #define HAVE_LIBNSL 1
| #define HAVE_LIBM 1
| #define HAVE_STRFTIME 1
| #define HAVE_ARPA_INET_H 1
| #define HAVE_ASSERT_H 1
| #define HAVE_ERRNO_H 1
| #define HAVE_GRP_H 1
| #define HAVE_LIMITS_H 1
| #define HAVE_NETDB_H 1
| #define HAVE_NETINET_IN_H 1
| #define HAVE_NETINET_TCP_H 1
| #define HAVE_PTHREAD_H 1
| #define HAVE_PWD_H 1
| #define HAVE_SIGNAL_H 1
| #define HAVE_STDARG_H 1
| #define HAVE_STDINT_H 1
| #define HAVE_STDIO_H 1
| #define HAVE_STDLIB_H 1
| #define HAVE_STRING_H 1
| #define HAVE_SYS_IOCTL_H 1
| #define HAVE_SYS_PARAM_H 1
| #define HAVE_SYS_SOCKET_H 1
| #define HAVE_SYS_STAT_H 1
| #define HAVE_SYS_TIME_H 1
| #define HAVE_SYS_TIMEB_H 1
| #define HAVE_SYS_TYPES_H 1
| #define HAVE_SYS_UIO_H 1
| #define HAVE_SYS_UN_H 1
| #define HAVE_TIME_H 1
| #define HAVE_UNISTD_H 1
| /* end confdefs.h.  */
| #include <stdio.h>
| #ifdef HAVE_SYS_TYPES_H
| # include <sys/types.h>
| #endif
| #ifdef HAVE_SYS_STAT_H
| # include <sys/stat.h>
| #endif
| #ifdef STDC_HEADERS
| # include <stdlib.h>
| # include <stddef.h>
| #else
| # ifdef HAVE_STDLIB_H
| #  include <stdlib.h>
| # endif
| #endif
| #ifdef HAVE_STRING_H
| # if !defined STDC_HEADERS && defined HAVE_MEMORY_H
| #  include <memory.h>
| # endif
| # include <string.h>
| #endif
| #ifdef HAVE_STRINGS_H
| # include <strings.h>
| #endif
| #ifdef HAVE_INTTYPES_H
| # include <inttypes.h>
| #endif
| #ifdef HAVE_STDINT_H
| # include <stdint.h>
| #endif
| #ifdef HAVE_UNISTD_H
| # include <unistd.h>
| #endif
| #include <winsock.h>
configure:5627: result: no
configure:5631: checking winsock.h presence
configure:5646: gcc -E  conftest.c
conftest.c:50:21: fatal error: winsock.h: No such file or directory
 #include <winsock.h>
                     ^
compilation terminated.
configure:5653: $? = 1
configure: failed program was:
| /* confdefs.h.  */
| #define PACKAGE_NAME "Spread_Util"
| #define PACKAGE_TARNAME "spread_util"
| #define PACKAGE_VERSION "4.3.0"
| #define PACKAGE_STRING "Spread_Util 4.3.0"
| #define PACKAGE_BUGREPORT ""
| #define STDC_HEADERS 1
| #define HAVE_SYS_TYPES_H 1
| #define HAVE_SYS_STAT_H 1
| #define HAVE_STDLIB_H 1
| #define HAVE_STRING_H 1
| #define HAVE_MEMORY_H 1
| #define HAVE_STRINGS_H 1
| #define HAVE_INTTYPES_H 1
| #define HAVE_STDINT_H 1
| #define HAVE_UNISTD_H 1
| #define HAVE_LIBPTHREAD 1
| #define HAVE_PTHREAD_ATFORK 1
| #define HAVE_LIBNSL 1
| #define HAVE_LIBM 1
| #define HAVE_STRFTIME 1
| #define HAVE_ARPA_INET_H 1
| #define HAVE_ASSERT_H 1
| #define HAVE_ERRNO_H 1
| #define HAVE_GRP_H 1
| #define HAVE_LIMITS_H 1
| #define HAVE_NETDB_H 1
| #define HAVE_NETINET_IN_H 1
| #define HAVE_NETINET_TCP_H 1
| #define HAVE_PTHREAD_H 1
| #define HAVE_PWD_H 1
| #define HAVE_SIGNAL_H 1
| #define HAVE_STDARG_H 1
| #define HAVE_STDINT_H 1
| #define HAVE_STDIO_H 1
| #define HAVE_STDLIB_H 1
| #define HAVE_STRING_H 1
| #define HAVE_SYS_IOCTL_H 1
| #define HAVE_SYS_PARAM_H 1
| #define HAVE_SYS_SOCKET_H 1
| #define HAVE_SYS_STAT_H 1
| #define HAVE_SYS_TIME_H 1
| #define HAVE_SYS_TIMEB_H 1
| #define HAVE_SYS_TYPES_H 1
| #define HAVE_SYS_UIO_H 1
| #define HAVE_SYS_UN_H 1
| #define HAVE_TIME_H 1
| #define HAVE_UNISTD_H 1
| /* end confdefs.h.  */
| #include <winsock.h>
configure:5667: result: no
configure:5695: checking for winsock.h
configure:5704: result: no
configure:5731: checking for bcopy
configure:5787: gcc -o conftest -g -O2 -Wall   conftest.c -lm -lrt -lnsl  >&5
conftest.c:73:6: warning: conflicting types for built-in function 'bcopy' [enabled by default]
 char bcopy ();
      ^
configure:5794: $? = 0
configure:5816: result: yes
configure:5731: checking for inet_aton
configure:5787: gcc -o conftest -g -O2 -Wall   conftest.c -lm -lrt -lnsl  >&5
configure:5794: $? = 0
configure:5816: result: yes
configure:5731: checking for inet_ntoa
configure:5787: gcc -o conftest -g -O2 -Wall   conftest.c -lm -lrt -lnsl  >&5
configure:5794: $? = 0
configure:5816: result: yes
configure:5731: checking for inet_ntop
configure:5787: gcc -o conftest -g -O2 -Wall   conftest.c -lm -lrt -lnsl  >&5
configure:5794: $? = 0
configure:5816: result: yes
configure:5731: checking for memmove
configure:5787: gcc -o conftest -g -O2 -Wall   conftest.c -lm -lrt -lnsl  >&5
conftest.c:77:6: warning: conflicting types for built-in function 'memmove' [enabled by default]
 char memmove ();
      ^
configure:5794: $? = 0
configure:5816: result: yes
configure:5731: checking for setsid
configure:5787: gcc -o conftest -g -O2 -Wall   conftest.c -lm -lrt -lnsl  >&5
configure:5794: $? = 0
configure:5816: result: yes
configure:5731: checking for snprintf
configure:5787: gcc -o conftest -g -O2 -Wall   conftest.c -lm -lrt -lnsl  >&5
conftest.c:79:6: warning: conflicting types for built-in function 'snprintf' [enabled by default]
 char snprintf ();
      ^
configure:5794: $? = 0
configure:5816: result: yes
configure:5731: checking for strerror
configure:5787: gcc -o conftest -g -O2 -Wall   conftest.c -lm -lrt -lnsl  >&5
configure:5794: $? = 0
configure:5816: result: yes
configure:5731: checking for lrand48
configure:5787: gcc -o conftest -g -O2 -Wall   conftest.c -lm -lrt -lnsl  >&5
configure:5794: $? = 0
configure:5816: result: yes
configure:5832: checking for gettimeofday
configure:5888: gcc -o conftest -g -O2 -Wall   conftest.c -lm -lrt -lnsl  >&5
configure:5895: $? = 0
configure:5917: result: yes
configure:5832: checking for time
configure:5888: gcc -o conftest -g -O2 -Wall   conftest.c -lm -lrt -lnsl  >&5
configure:5895: $? = 0
configure:5917: result: yes
configure:5930: checking for clock_gettime(CLOCK_MONOTONIC)
configure:5958: gcc -o conftest -g -O2 -Wall   conftest.c -lm -lrt -lnsl  >&5
configure:5962: $? = 0
configure:5968: ./conftest
configure:5972: $? = 0
configure:5991: result: yes
configure:6002: checking for library containing dladdr
configure:6043: gcc -o conftest -g -O2 -Wall   conftest.c -lm -lrt -lnsl  >&5
/tmp/ccrckBS1.o: In function `main':
/home/weichao/VDL-disk/qiuwch/VDL/universe-starter-agent/install/spread/spread-src-4.4.0/libspread-util/conftest.c:73: undefined reference to `dladdr'
collect2: error: ld returned 1 exit status
configure:6050: $? = 1
configure: failed program was:
| /* confdefs.h.  */
| #define PACKAGE_NAME "Spread_Util"
| #define PACKAGE_TARNAME "spread_util"
| #define PACKAGE_VERSION "4.3.0"
| #define PACKAGE_STRING "Spread_Util 4.3.0"
| #define PACKAGE_BUGREPORT ""
| #define STDC_HEADERS 1
| #define HAVE_SYS_TYPES_H 1
| #define HAVE_SYS_STAT_H 1
| #define HAVE_STDLIB_H 1
| #define HAVE_STRING_H 1
| #define HAVE_MEMORY_H 1
| #define HAVE_STRINGS_H 1
| #define HAVE_INTTYPES_H 1
| #define HAVE_STDINT_H 1
| #define HAVE_UNISTD_H 1
| #define HAVE_LIBPTHREAD 1
| #define HAVE_PTHREAD_ATFORK 1
| #define HAVE_LIBNSL 1
| #define HAVE_LIBM 1
| #define HAVE_STRFTIME 1
| #define HAVE_ARPA_INET_H 1
| #define HAVE_ASSERT_H 1
| #define HAVE_ERRNO_H 1
| #define HAVE_GRP_H 1
| #define HAVE_LIMITS_H 1
| #define HAVE_NETDB_H 1
| #define HAVE_NETINET_IN_H 1
| #define HAVE_NETINET_TCP_H 1
| #define HAVE_PTHREAD_H 1
| #define HAVE_PWD_H 1
| #define HAVE_SIGNAL_H 1
| #define HAVE_STDARG_H 1
| #define HAVE_STDINT_H 1
| #define HAVE_STDIO_H 1
| #define HAVE_STDLIB_H 1
| #define HAVE_STRING_H 1
| #define HAVE_SYS_IOCTL_H 1
| #define HAVE_SYS_PARAM_H 1
| #define HAVE_SYS_SOCKET_H 1
| #define HAVE_SYS_STAT_H 1
| #define HAVE_SYS_TIME_H 1
| #define HAVE_SYS_TIMEB_H 1
| #define HAVE_SYS_TYPES_H 1
| #define HAVE_SYS_UIO_H 1
| #define HAVE_SYS_UN_H 1
| #define HAVE_TIME_H 1
| #define HAVE_UNISTD_H 1
| #define HAVE_BCOPY 1
| #define HAVE_INET_ATON 1
| #define HAVE_INET_NTOA 1
| #define HAVE_INET_NTOP 1
| #define HAVE_MEMMOVE 1
| #define HAVE_SETSID 1
| #define HAVE_SNPRINTF 1
| #define HAVE_STRERROR 1
| #define HAVE_LRAND48 1
| #define HAVE_GETTIMEOFDAY 1
| #define HAVE_TIME 1
| #define HAVE_CLOCK_GETTIME_CLOCK_MONOTONIC 1
| /* end confdefs.h.  */
| 
| /* Override any GCC internal prototype to avoid an error.
|    Use char because int might match the return type of a GCC
|    builtin and then its argument prototype would still apply.  */
| #ifdef __cplusplus
| extern "C"
| #endif
| char dladdr ();
| int
| main ()
| {
| return dladdr ();
|   ;
|   return 0;
| }
configure:6043: gcc -o conftest -g -O2 -Wall   conftest.c -ldl  -lm -lrt -lnsl  >&5
configure:6050: $? = 0
configure:6081: result: -ldl
configure:6096: checking for dladdr
configure:6127: gcc -c -g -O2 -Wall  conftest.c >&5
configure:6134: $? = 0
configure:6151: result: yes
configure:6164: checking whether snprintf correctly terminates long strings
configure:6190: gcc -o conftest -g -O2 -Wall   conftest.c -ldl -lm -lrt -lnsl  >&5
configure:6194: $? = 0
configure:6200: ./conftest
configure:6204: $? = 0
configure:6206: result: yes
configure:6244: checking size of char
configure:6547: gcc -o conftest -g -O2 -Wall   conftest.c -ldl -lm -lrt -lnsl  >&5
configure:6551: $? = 0
configure:6557: ./conftest
configure:6561: $? = 0
configure:6585: result: 1
configure:6599: checking size of short int
configure:6902: gcc -o conftest -g -O2 -Wall   conftest.c -ldl -lm -lrt -lnsl  >&5
configure:6906: $? = 0
configure:6912: ./conftest
configure:6916: $? = 0
configure:6940: result: 2
configure:6954: checking size of int
configure:7257: gcc -o conftest -g -O2 -Wall   conftest.c -ldl -lm -lrt -lnsl  >&5
configure:7261: $? = 0
configure:7267: ./conftest
configure:7271: $? = 0
configure:7295: result: 4
configure:7309: checking size of long int
configure:7612: gcc -o conftest -g -O2 -Wall   conftest.c -ldl -lm -lrt -lnsl  >&5
configure:7616: $? = 0
configure:7622: ./conftest
configure:7626: $? = 0
configure:7650: result: 8
configure:7664: checking size of long long int
configure:7967: gcc -o conftest -g -O2 -Wall   conftest.c -ldl -lm -lrt -lnsl  >&5
configure:7971: $? = 0
configure:7977: ./conftest
configure:7981: $? = 0
configure:8005: result: 8
configure:8017: checking for windows arch
configure:8044: gcc -c -g -O2 -Wall  conftest.c >&5
conftest.c:68:22: fatal error: process.h: No such file or directory
  #include <process.h>
                      ^
compilation terminated.
configure:8051: $? = 1
configure: failed program was:
| /* confdefs.h.  */
| #define PACKAGE_NAME "Spread_Util"
| #define PACKAGE_TARNAME "spread_util"
| #define PACKAGE_VERSION "4.3.0"
| #define PACKAGE_STRING "Spread_Util 4.3.0"
| #define PACKAGE_BUGREPORT ""
| #define STDC_HEADERS 1
| #define HAVE_SYS_TYPES_H 1
| #define HAVE_SYS_STAT_H 1
| #define HAVE_STDLIB_H 1
| #define HAVE_STRING_H 1
| #define HAVE_MEMORY_H 1
| #define HAVE_STRINGS_H 1
| #define HAVE_INTTYPES_H 1
| #define HAVE_STDINT_H 1
| #define HAVE_UNISTD_H 1
| #define HAVE_LIBPTHREAD 1
| #define HAVE_PTHREAD_ATFORK 1
| #define HAVE_LIBNSL 1
| #define HAVE_LIBM 1
| #define HAVE_STRFTIME 1
| #define HAVE_ARPA_INET_H 1
| #define HAVE_ASSERT_H 1
| #define HAVE_ERRNO_H 1
| #define HAVE_GRP_H 1
| #define HAVE_LIMITS_H 1
| #define HAVE_NETDB_H 1
| #define HAVE_NETINET_IN_H 1
| #define HAVE_NETINET_TCP_H 1
| #define HAVE_PTHREAD_H 1
| #define HAVE_PWD_H 1
| #define HAVE_SIGNAL_H 1
| #define HAVE_STDARG_H 1
| #define HAVE_STDINT_H 1
| #define HAVE_STDIO_H 1
| #define HAVE_STDLIB_H 1
| #define HAVE_STRING_H 1
| #define HAVE_SYS_IOCTL_H 1
| #define HAVE_SYS_PARAM_H 1
| #define HAVE_SYS_SOCKET_H 1
| #define HAVE_SYS_STAT_H 1
| #define HAVE_SYS_TIME_H 1
| #define HAVE_SYS_TIMEB_H 1
| #define HAVE_SYS_TYPES_H 1
| #define HAVE_SYS_UIO_H 1
| #define HAVE_SYS_UN_H 1
| #define HAVE_TIME_H 1
| #define HAVE_UNISTD_H 1
| #define HAVE_BCOPY 1
| #define HAVE_INET_ATON 1
| #define HAVE_INET_NTOA 1
| #define HAVE_INET_NTOP 1
| #define HAVE_MEMMOVE 1
| #define HAVE_SETSID 1
| #define HAVE_SNPRINTF 1
| #define HAVE_STRERROR 1
| #define HAVE_LRAND48 1
| #define HAVE_GETTIMEOFDAY 1
| #define HAVE_TIME 1
| #define HAVE_CLOCK_GETTIME_CLOCK_MONOTONIC 1
| #define HAVE_DLADDR 1
| #define SIZEOF_CHAR 1
| #define SIZEOF_SHORT_INT 2
| #define SIZEOF_INT 4
| #define SIZEOF_LONG_INT 8
| #define SIZEOF_LONG_LONG_INT 8
| /* end confdefs.h.  */
|  #include <process.h>
| int
| main ()
| {
|  CRITICAL_SECTION mutex; InitializeCriticalSection(mutex);
|   ;
|   return 0;
| }
configure:8068: result: no
configure:8078: checking for struct timezone type
configure:8107: gcc -c -g -O2 -Wall  conftest.c >&5
conftest.c: In function 'main':
conftest.c:74:18: warning: unused variable 'opt' [-Wunused-variable]
  struct timezone opt;
                  ^
configure:8114: $? = 0
configure:8131: result: yes
configure:8141: checking for struct sockopt_len_t type
configure:8169: gcc -c -g -O2 -Wall  conftest.c >&5
conftest.c: In function 'main':
conftest.c:74:2: error: unknown type name 'sockopt_len_t'
  static sockopt_len_t opt; opt=0;
  ^
conftest.c:74:23: warning: variable 'opt' set but not used [-Wunused-but-set-variable]
  static sockopt_len_t opt; opt=0;
                       ^
configure:8176: $? = 1
configure: failed program was:
| /* confdefs.h.  */
| #define PACKAGE_NAME "Spread_Util"
| #define PACKAGE_TARNAME "spread_util"
| #define PACKAGE_VERSION "4.3.0"
| #define PACKAGE_STRING "Spread_Util 4.3.0"
| #define PACKAGE_BUGREPORT ""
| #define STDC_HEADERS 1
| #define HAVE_SYS_TYPES_H 1
| #define HAVE_SYS_STAT_H 1
| #define HAVE_STDLIB_H 1
| #define HAVE_STRING_H 1
| #define HAVE_MEMORY_H 1
| #define HAVE_STRINGS_H 1
| #define HAVE_INTTYPES_H 1
| #define HAVE_STDINT_H 1
| #define HAVE_UNISTD_H 1
| #define HAVE_LIBPTHREAD 1
| #define HAVE_PTHREAD_ATFORK 1
| #define HAVE_LIBNSL 1
| #define HAVE_LIBM 1
| #define HAVE_STRFTIME 1
| #define HAVE_ARPA_INET_H 1
| #define HAVE_ASSERT_H 1
| #define HAVE_ERRNO_H 1
| #define HAVE_GRP_H 1
| #define HAVE_LIMITS_H 1
| #define HAVE_NETDB_H 1
| #define HAVE_NETINET_IN_H 1
| #define HAVE_NETINET_TCP_H 1
| #define HAVE_PTHREAD_H 1
| #define HAVE_PWD_H 1
| #define HAVE_SIGNAL_H 1
| #define HAVE_STDARG_H 1
| #define HAVE_STDINT_H 1
| #define HAVE_STDIO_H 1
| #define HAVE_STDLIB_H 1
| #define HAVE_STRING_H 1
| #define HAVE_SYS_IOCTL_H 1
| #define HAVE_SYS_PARAM_H 1
| #define HAVE_SYS_SOCKET_H 1
| #define HAVE_SYS_STAT_H 1
| #define HAVE_SYS_TIME_H 1
| #define HAVE_SYS_TIMEB_H 1
| #define HAVE_SYS_TYPES_H 1
| #define HAVE_SYS_UIO_H 1
| #define HAVE_SYS_UN_H 1
| #define HAVE_TIME_H 1
| #define HAVE_UNISTD_H 1
| #define HAVE_BCOPY 1
| #define HAVE_INET_ATON 1
| #define HAVE_INET_NTOA 1
| #define HAVE_INET_NTOP 1
| #define HAVE_MEMMOVE 1
| #define HAVE_SETSID 1
| #define HAVE_SNPRINTF 1
| #define HAVE_STRERROR 1
| #define HAVE_LRAND48 1
| #define HAVE_GETTIMEOFDAY 1
| #define HAVE_TIME 1
| #define HAVE_CLOCK_GETTIME_CLOCK_MONOTONIC 1
| #define HAVE_DLADDR 1
| #define SIZEOF_CHAR 1
| #define SIZEOF_SHORT_INT 2
| #define SIZEOF_INT 4
| #define SIZEOF_LONG_INT 8
| #define SIZEOF_LONG_LONG_INT 8
| #define HAVE_STRUCT_TIMEZONE 1
| /* end confdefs.h.  */
|  #include <sys/types.h>
| 		  #include <sys/socket.h>
| int
| main ()
| {
|  static sockopt_len_t opt; opt=0;
|   ;
|   return 0;
| }
configure:8193: result: no
configure:8203: checking for struct msghdr type
configure:8231: gcc -c -g -O2 -Wall  conftest.c >&5
conftest.c: In function 'main':
conftest.c:74:25: warning: variable 'msg' set but not used [-Wunused-but-set-variable]
  static  struct  msghdr msg; msg.msg_namelen = 1;
                         ^
configure:8238: $? = 0
configure:8255: result: yes
configure:8265: checking for struct msghdr accrights
configure:8293: gcc -c -g -O2 -Wall  conftest.c >&5
conftest.c: In function 'main':
conftest.c:74:33: error: 'struct msghdr' has no member named 'msg_accrightslen'
  static  struct  msghdr msg; msg.msg_accrightslen = 0;
                                 ^
conftest.c:74:25: warning: variable 'msg' set but not used [-Wunused-but-set-variable]
  static  struct  msghdr msg; msg.msg_accrightslen = 0;
                         ^
configure:8300: $? = 1
configure: failed program was:
| /* confdefs.h.  */
| #define PACKAGE_NAME "Spread_Util"
| #define PACKAGE_TARNAME "spread_util"
| #define PACKAGE_VERSION "4.3.0"
| #define PACKAGE_STRING "Spread_Util 4.3.0"
| #define PACKAGE_BUGREPORT ""
| #define STDC_HEADERS 1
| #define HAVE_SYS_TYPES_H 1
| #define HAVE_SYS_STAT_H 1
| #define HAVE_STDLIB_H 1
| #define HAVE_STRING_H 1
| #define HAVE_MEMORY_H 1
| #define HAVE_STRINGS_H 1
| #define HAVE_INTTYPES_H 1
| #define HAVE_STDINT_H 1
| #define HAVE_UNISTD_H 1
| #define HAVE_LIBPTHREAD 1
| #define HAVE_PTHREAD_ATFORK 1
| #define HAVE_LIBNSL 1
| #define HAVE_LIBM 1
| #define HAVE_STRFTIME 1
| #define HAVE_ARPA_INET_H 1
| #define HAVE_ASSERT_H 1
| #define HAVE_ERRNO_H 1
| #define HAVE_GRP_H 1
| #define HAVE_LIMITS_H 1
| #define HAVE_NETDB_H 1
| #define HAVE_NETINET_IN_H 1
| #define HAVE_NETINET_TCP_H 1
| #define HAVE_PTHREAD_H 1
| #define HAVE_PWD_H 1
| #define HAVE_SIGNAL_H 1
| #define HAVE_STDARG_H 1
| #define HAVE_STDINT_H 1
| #define HAVE_STDIO_H 1
| #define HAVE_STDLIB_H 1
| #define HAVE_STRING_H 1
| #define HAVE_SYS_IOCTL_H 1
| #define HAVE_SYS_PARAM_H 1
| #define HAVE_SYS_SOCKET_H 1
| #define HAVE_SYS_STAT_H 1
| #define HAVE_SYS_TIME_H 1
| #define HAVE_SYS_TIMEB_H 1
| #define HAVE_SYS_TYPES_H 1
| #define HAVE_SYS_UIO_H 1
| #define HAVE_SYS_UN_H 1
| #define HAVE_TIME_H 1
| #define HAVE_UNISTD_H 1
| #define HAVE_BCOPY 1
| #define HAVE_INET_ATON 1
| #define HAVE_INET_NTOA 1
| #define HAVE_INET_NTOP 1
| #define HAVE_MEMMOVE 1
| #define HAVE_SETSID 1
| #define HAVE_SNPRINTF 1
| #define HAVE_STRERROR 1
| #define HAVE_LRAND48 1
| #define HAVE_GETTIMEOFDAY 1
| #define HAVE_TIME 1
| #define HAVE_CLOCK_GETTIME_CLOCK_MONOTONIC 1
| #define HAVE_DLADDR 1
| #define SIZEOF_CHAR 1
| #define SIZEOF_SHORT_INT 2
| #define SIZEOF_INT 4
| #define SIZEOF_LONG_INT 8
| #define SIZEOF_LONG_LONG_INT 8
| #define HAVE_STRUCT_TIMEZONE 1
| /* end confdefs.h.  */
|  #include <sys/types.h>
| 		  #include <sys/socket.h>
| int
| main ()
| {
|  static  struct  msghdr msg; msg.msg_accrightslen = 0;
|   ;
|   return 0;
| }
configure:8317: result: no
configure:8328: checking for struct msghdr control
configure:8356: gcc -c -g -O2 -Wall  conftest.c >&5
conftest.c: In function 'main':
conftest.c:74:25: warning: variable 'msg' set but not used [-Wunused-but-set-variable]
  static  struct  msghdr msg; msg.msg_controllen = 0;
                         ^
configure:8363: $? = 0
configure:8380: result: yes
configure:8398: checking for u_int type
configure:8425: gcc -c -g -O2 -Wall  conftest.c >&5
conftest.c: In function 'main':
conftest.c:74:8: warning: variable 'a' set but not used [-Wunused-but-set-variable]
  u_int a; a = 1;
        ^
configure:8432: $? = 0
configure:8449: result: yes
configure:8460: checking for intXX_t types
configure:8487: gcc -c -g -O2 -Wall  conftest.c >&5
conftest.c: In function 'main':
conftest.c:75:9: warning: variable 'a' set but not used [-Wunused-but-set-variable]
  int8_t a; int16_t b; int32_t c; a = b = c = 1;
         ^
configure:8494: $? = 0
configure:8511: result: yes
configure:8522: checking for int64_t type
configure:8549: gcc -c -g -O2 -Wall  conftest.c >&5
conftest.c: In function 'main':
conftest.c:76:10: warning: variable 'a' set but not used [-Wunused-but-set-variable]
  int64_t a; a = 1;
          ^
configure:8556: $? = 0
configure:8573: result: yes
configure:8584: checking for u_intXX_t types
configure:8611: gcc -c -g -O2 -Wall  conftest.c >&5
conftest.c: In function 'main':
conftest.c:77:11: warning: variable 'a' set but not used [-Wunused-but-set-variable]
  u_int8_t a; u_int16_t b; u_int32_t c; a = b = c = 1;
           ^
configure:8618: $? = 0
configure:8635: result: yes
configure:8646: checking for u_int64_t types
configure:8673: gcc -c -g -O2 -Wall  conftest.c >&5
conftest.c: In function 'main':
conftest.c:78:12: warning: variable 'a' set but not used [-Wunused-but-set-variable]
  u_int64_t a; a = 1;
            ^
configure:8680: $? = 0
configure:8697: result: yes
configure:8841: checking for socklen_t
configure:8871: gcc -c -g -O2 -Wall  conftest.c >&5
conftest.c: In function 'main':
conftest.c:82:11: warning: variable 'foo' set but not used [-Wunused-but-set-variable]
 socklen_t foo; foo = 1235;
           ^
configure:8878: $? = 0
configure:8895: result: yes
configure:8905: checking for size_t
configure:8934: gcc -c -g -O2 -Wall  conftest.c >&5
conftest.c: In function 'main':
conftest.c:82:9: warning: variable 'foo' set but not used [-Wunused-but-set-variable]
  size_t foo; foo = 1235;
         ^
configure:8941: $? = 0
configure:8958: result: yes
configure:8968: checking for ssize_t
configure:8997: gcc -c -g -O2 -Wall  conftest.c >&5
conftest.c: In function 'main':
conftest.c:83:10: warning: variable 'foo' set but not used [-Wunused-but-set-variable]
  ssize_t foo; foo = 1235;
          ^
configure:9004: $? = 0
configure:9021: result: yes
configure:9031: checking for clock_t
configure:9060: gcc -c -g -O2 -Wall  conftest.c >&5
conftest.c: In function 'main':
conftest.c:84:10: warning: variable 'foo' set but not used [-Wunused-but-set-variable]
  clock_t foo; foo = 1235;
          ^
configure:9067: $? = 0
configure:9084: result: yes
configure:9094: checking for sa_family_t
configure:9124: gcc -c -g -O2 -Wall  conftest.c >&5
conftest.c: In function 'main':
conftest.c:86:14: warning: variable 'foo' set but not used [-Wunused-but-set-variable]
  sa_family_t foo; foo = 1235;
              ^
configure:9131: $? = 0
configure:9194: result: yes
configure:9205: checking for struct sockaddr_storage
configure:9235: gcc -c -g -O2 -Wall  conftest.c >&5
conftest.c: In function 'main':
conftest.c:87:26: warning: unused variable 's' [-Wunused-variable]
  struct sockaddr_storage s;
                          ^
configure:9242: $? = 0
configure:9259: result: yes
configure:9269: checking for struct sockaddr_in6
configure:9299: gcc -c -g -O2 -Wall  conftest.c >&5
conftest.c: In function 'main':
conftest.c:88:22: warning: variable 's' set but not used [-Wunused-but-set-variable]
  struct sockaddr_in6 s; s.sin6_family = 0;
                      ^
configure:9306: $? = 0
configure:9323: result: yes
configure:9333: checking for struct in6_addr
configure:9363: gcc -c -g -O2 -Wall  conftest.c >&5
conftest.c: In function 'main':
conftest.c:89:18: warning: variable 's' set but not used [-Wunused-but-set-variable]
  struct in6_addr s; s.s6_addr[0] = 0;
                  ^
configure:9370: $? = 0
configure:9387: result: yes
configure:9397: checking for struct addrinfo
configure:9428: gcc -c -g -O2 -Wall  conftest.c >&5
conftest.c: In function 'main':
conftest.c:91:18: warning: variable 's' set but not used [-Wunused-but-set-variable]
  struct addrinfo s; s.ai_flags = AI_PASSIVE;
                  ^
configure:9435: $? = 0
configure:9452: result: yes
configure:9462: checking for struct timeval
configure:9489: gcc -c -g -O2 -Wall  conftest.c >&5
conftest.c: In function 'main':
conftest.c:88:17: warning: variable 'tv' set but not used [-Wunused-but-set-variable]
  struct timeval tv; tv.tv_sec = 1;
                 ^
configure:9496: $? = 0
configure:9513: result: yes
configure:9524: checking for sun_len field in struct sockaddr_un
configure:9554: gcc -c -g -O2 -Wall  conftest.c >&5
conftest.c: In function 'main':
conftest.c:92:21: error: storage size of 's' isn't known
  struct sockaddr_un s; s.sun_len = 1;
                     ^
conftest.c:92:21: warning: unused variable 's' [-Wunused-variable]
configure:9561: $? = 1
configure: failed program was:
| /* confdefs.h.  */
| #define PACKAGE_NAME "Spread_Util"
| #define PACKAGE_TARNAME "spread_util"
| #define PACKAGE_VERSION "4.3.0"
| #define PACKAGE_STRING "Spread_Util 4.3.0"
| #define PACKAGE_BUGREPORT ""
| #define STDC_HEADERS 1
| #define HAVE_SYS_TYPES_H 1
| #define HAVE_SYS_STAT_H 1
| #define HAVE_STDLIB_H 1
| #define HAVE_STRING_H 1
| #define HAVE_MEMORY_H 1
| #define HAVE_STRINGS_H 1
| #define HAVE_INTTYPES_H 1
| #define HAVE_STDINT_H 1
| #define HAVE_UNISTD_H 1
| #define HAVE_LIBPTHREAD 1
| #define HAVE_PTHREAD_ATFORK 1
| #define HAVE_LIBNSL 1
| #define HAVE_LIBM 1
| #define HAVE_STRFTIME 1
| #define HAVE_ARPA_INET_H 1
| #define HAVE_ASSERT_H 1
| #define HAVE_ERRNO_H 1
| #define HAVE_GRP_H 1
| #define HAVE_LIMITS_H 1
| #define HAVE_NETDB_H 1
| #define HAVE_NETINET_IN_H 1
| #define HAVE_NETINET_TCP_H 1
| #define HAVE_PTHREAD_H 1
| #define HAVE_PWD_H 1
| #define HAVE_SIGNAL_H 1
| #define HAVE_STDARG_H 1
| #define HAVE_STDINT_H 1
| #define HAVE_STDIO_H 1
| #define HAVE_STDLIB_H 1
| #define HAVE_STRING_H 1
| #define HAVE_SYS_IOCTL_H 1
| #define HAVE_SYS_PARAM_H 1
| #define HAVE_SYS_SOCKET_H 1
| #define HAVE_SYS_STAT_H 1
| #define HAVE_SYS_TIME_H 1
| #define HAVE_SYS_TIMEB_H 1
| #define HAVE_SYS_TYPES_H 1
| #define HAVE_SYS_UIO_H 1
| #define HAVE_SYS_UN_H 1
| #define HAVE_TIME_H 1
| #define HAVE_UNISTD_H 1
| #define HAVE_BCOPY 1
| #define HAVE_INET_ATON 1
| #define HAVE_INET_NTOA 1
| #define HAVE_INET_NTOP 1
| #define HAVE_MEMMOVE 1
| #define HAVE_SETSID 1
| #define HAVE_SNPRINTF 1
| #define HAVE_STRERROR 1
| #define HAVE_LRAND48 1
| #define HAVE_GETTIMEOFDAY 1
| #define HAVE_TIME 1
| #define HAVE_CLOCK_GETTIME_CLOCK_MONOTONIC 1
| #define HAVE_DLADDR 1
| #define SIZEOF_CHAR 1
| #define SIZEOF_SHORT_INT 2
| #define SIZEOF_INT 4
| #define SIZEOF_LONG_INT 8
| #define SIZEOF_LONG_LONG_INT 8
| #define HAVE_STRUCT_TIMEZONE 1
| #define ARCH_SCATTER_CONTROL 1
| #define HAVE_U_INT 1
| #define HAVE_INTXX_T 1
| #define HAVE_INT64_T 1
| #define HAVE_U_INTXX_T 1
| #define HAVE_U_INT64_T 1
| #define HAVE_SOCKLEN_T 1
| #define HAVE_SIZE_T 1
| #define HAVE_SSIZE_T 1
| #define HAVE_CLOCK_T 1
| #define HAVE_SA_FAMILY_T 1
| #define HAVE_STRUCT_SOCKADDR_STORAGE 1
| #define HAVE_STRUCT_SOCKADDR_IN6 1
| #define HAVE_STRUCT_IN6_ADDR 1
| #define HAVE_STRUCT_ADDRINFO 1
| #define HAVE_STRUCT_TIMEVAL 1
| /* end confdefs.h.  */
| 
| #include <sys/types.h>
| #include <sys/socket.h>
| 
| int
| main ()
| {
|  struct sockaddr_un s; s.sun_len = 1;
|   ;
|   return 0;
| }
configure:9577: result: no
configure:9587: checking for sin_len field in sockaddr_in
configure:9618: gcc -c -g -O2 -Wall  conftest.c >&5
conftest.c: In function 'main':
conftest.c:93:25: error: 'struct sockaddr_in' has no member named 'sin_len'
  struct sockaddr_in s; s.sin_len = sizeof(s);
                         ^
configure:9625: $? = 1
configure: failed program was:
| /* confdefs.h.  */
| #define PACKAGE_NAME "Spread_Util"
| #define PACKAGE_TARNAME "spread_util"
| #define PACKAGE_VERSION "4.3.0"
| #define PACKAGE_STRING "Spread_Util 4.3.0"
| #define PACKAGE_BUGREPORT ""
| #define STDC_HEADERS 1
| #define HAVE_SYS_TYPES_H 1
| #define HAVE_SYS_STAT_H 1
| #define HAVE_STDLIB_H 1
| #define HAVE_STRING_H 1
| #define HAVE_MEMORY_H 1
| #define HAVE_STRINGS_H 1
| #define HAVE_INTTYPES_H 1
| #define HAVE_STDINT_H 1
| #define HAVE_UNISTD_H 1
| #define HAVE_LIBPTHREAD 1
| #define HAVE_PTHREAD_ATFORK 1
| #define HAVE_LIBNSL 1
| #define HAVE_LIBM 1
| #define HAVE_STRFTIME 1
| #define HAVE_ARPA_INET_H 1
| #define HAVE_ASSERT_H 1
| #define HAVE_ERRNO_H 1
| #define HAVE_GRP_H 1
| #define HAVE_LIMITS_H 1
| #define HAVE_NETDB_H 1
| #define HAVE_NETINET_IN_H 1
| #define HAVE_NETINET_TCP_H 1
| #define HAVE_PTHREAD_H 1
| #define HAVE_PWD_H 1
| #define HAVE_SIGNAL_H 1
| #define HAVE_STDARG_H 1
| #define HAVE_STDINT_H 1
| #define HAVE_STDIO_H 1
| #define HAVE_STDLIB_H 1
| #define HAVE_STRING_H 1
| #define HAVE_SYS_IOCTL_H 1
| #define HAVE_SYS_PARAM_H 1
| #define HAVE_SYS_SOCKET_H 1
| #define HAVE_SYS_STAT_H 1
| #define HAVE_SYS_TIME_H 1
| #define HAVE_SYS_TIMEB_H 1
| #define HAVE_SYS_TYPES_H 1
| #define HAVE_SYS_UIO_H 1
| #define HAVE_SYS_UN_H 1
| #define HAVE_TIME_H 1
| #define HAVE_UNISTD_H 1
| #define HAVE_BCOPY 1
| #define HAVE_INET_ATON 1
| #define HAVE_INET_NTOA 1
| #define HAVE_INET_NTOP 1
| #define HAVE_MEMMOVE 1
| #define HAVE_SETSID 1
| #define HAVE_SNPRINTF 1
| #define HAVE_STRERROR 1
| #define HAVE_LRAND48 1
| #define HAVE_GETTIMEOFDAY 1
| #define HAVE_TIME 1
| #define HAVE_CLOCK_GETTIME_CLOCK_MONOTONIC 1
| #define HAVE_DLADDR 1
| #define SIZEOF_CHAR 1
| #define SIZEOF_SHORT_INT 2
| #define SIZEOF_INT 4
| #define SIZEOF_LONG_INT 8
| #define SIZEOF_LONG_LONG_INT 8
| #define HAVE_STRUCT_TIMEZONE 1
| #define ARCH_SCATTER_CONTROL 1
| #define HAVE_U_INT 1
| #define HAVE_INTXX_T 1
| #define HAVE_INT64_T 1
| #define HAVE_U_INTXX_T 1
| #define HAVE_U_INT64_T 1
| #define HAVE_SOCKLEN_T 1
| #define HAVE_SIZE_T 1
| #define HAVE_SSIZE_T 1
| #define HAVE_CLOCK_T 1
| #define HAVE_SA_FAMILY_T 1
| #define HAVE_STRUCT_SOCKADDR_STORAGE 1
| #define HAVE_STRUCT_SOCKADDR_IN6 1
| #define HAVE_STRUCT_IN6_ADDR 1
| #define HAVE_STRUCT_ADDRINFO 1
| #define HAVE_STRUCT_TIMEVAL 1
| /* end confdefs.h.  */
| 
| #include <sys/types.h>
| #include <sys/socket.h>
| #include <netinet/in.h>
| 
| int
| main ()
| {
|  struct sockaddr_in s; s.sin_len = sizeof(s);
|   ;
|   return 0;
| }
configure:9641: result: no
configure:9651: checking for ss_family field in struct sockaddr_storage
configure:9681: gcc -c -g -O2 -Wall  conftest.c >&5
conftest.c: In function 'main':
conftest.c:92:26: warning: variable 's' set but not used [-Wunused-but-set-variable]
  struct sockaddr_storage s; s.ss_family = 1;
                          ^
configure:9688: $? = 0
configure:9704: result: yes
configure:9714: checking for __ss_family field in struct sockaddr_storage
configure:9744: gcc -c -g -O2 -Wall  conftest.c >&5
conftest.c: In function 'main':
conftest.c:93:30: error: 'struct sockaddr_storage' has no member named '__ss_family'
  struct sockaddr_storage s; s.__ss_family = 1;
                              ^
conftest.c:93:26: warning: variable 's' set but not used [-Wunused-but-set-variable]
  struct sockaddr_storage s; s.__ss_family = 1;
                          ^
configure:9751: $? = 1
configure: failed program was:
| /* confdefs.h.  */
| #define PACKAGE_NAME "Spread_Util"
| #define PACKAGE_TARNAME "spread_util"
| #define PACKAGE_VERSION "4.3.0"
| #define PACKAGE_STRING "Spread_Util 4.3.0"
| #define PACKAGE_BUGREPORT ""
| #define STDC_HEADERS 1
| #define HAVE_SYS_TYPES_H 1
| #define HAVE_SYS_STAT_H 1
| #define HAVE_STDLIB_H 1
| #define HAVE_STRING_H 1
| #define HAVE_MEMORY_H 1
| #define HAVE_STRINGS_H 1
| #define HAVE_INTTYPES_H 1
| #define HAVE_STDINT_H 1
| #define HAVE_UNISTD_H 1
| #define HAVE_LIBPTHREAD 1
| #define HAVE_PTHREAD_ATFORK 1
| #define HAVE_LIBNSL 1
| #define HAVE_LIBM 1
| #define HAVE_STRFTIME 1
| #define HAVE_ARPA_INET_H 1
| #define HAVE_ASSERT_H 1
| #define HAVE_ERRNO_H 1
| #define HAVE_GRP_H 1
| #define HAVE_LIMITS_H 1
| #define HAVE_NETDB_H 1
| #define HAVE_NETINET_IN_H 1
| #define HAVE_NETINET_TCP_H 1
| #define HAVE_PTHREAD_H 1
| #define HAVE_PWD_H 1
| #define HAVE_SIGNAL_H 1
| #define HAVE_STDARG_H 1
| #define HAVE_STDINT_H 1
| #define HAVE_STDIO_H 1
| #define HAVE_STDLIB_H 1
| #define HAVE_STRING_H 1
| #define HAVE_SYS_IOCTL_H 1
| #define HAVE_SYS_PARAM_H 1
| #define HAVE_SYS_SOCKET_H 1
| #define HAVE_SYS_STAT_H 1
| #define HAVE_SYS_TIME_H 1
| #define HAVE_SYS_TIMEB_H 1
| #define HAVE_SYS_TYPES_H 1
| #define HAVE_SYS_UIO_H 1
| #define HAVE_SYS_UN_H 1
| #define HAVE_TIME_H 1
| #define HAVE_UNISTD_H 1
| #define HAVE_BCOPY 1
| #define HAVE_INET_ATON 1
| #define HAVE_INET_NTOA 1
| #define HAVE_INET_NTOP 1
| #define HAVE_MEMMOVE 1
| #define HAVE_SETSID 1
| #define HAVE_SNPRINTF 1
| #define HAVE_STRERROR 1
| #define HAVE_LRAND48 1
| #define HAVE_GETTIMEOFDAY 1
| #define HAVE_TIME 1
| #define HAVE_CLOCK_GETTIME_CLOCK_MONOTONIC 1
| #define HAVE_DLADDR 1
| #define SIZEOF_CHAR 1
| #define SIZEOF_SHORT_INT 2
| #define SIZEOF_INT 4
| #define SIZEOF_LONG_INT 8
| #define SIZEOF_LONG_LONG_INT 8
| #define HAVE_STRUCT_TIMEZONE 1
| #define ARCH_SCATTER_CONTROL 1
| #define HAVE_U_INT 1
| #define HAVE_INTXX_T 1
| #define HAVE_INT64_T 1
| #define HAVE_U_INTXX_T 1
| #define HAVE_U_INT64_T 1
| #define HAVE_SOCKLEN_T 1
| #define HAVE_SIZE_T 1
| #define HAVE_SSIZE_T 1
| #define HAVE_CLOCK_T 1
| #define HAVE_SA_FAMILY_T 1
| #define HAVE_STRUCT_SOCKADDR_STORAGE 1
| #define HAVE_STRUCT_SOCKADDR_IN6 1
| #define HAVE_STRUCT_IN6_ADDR 1
| #define HAVE_STRUCT_ADDRINFO 1
| #define HAVE_STRUCT_TIMEVAL 1
| #define HAVE_SS_FAMILY_IN_SS 1
| /* end confdefs.h.  */
| 
| #include <sys/types.h>
| #include <sys/socket.h>
| 
| int
| main ()
| {
|  struct sockaddr_storage s; s.__ss_family = 1;
|   ;
|   return 0;
| }
configure:9768: result: no
configure:9778: checking for pid_t
configure:9807: gcc -c -g -O2 -Wall  conftest.c >&5
conftest.c: In function 'main':
conftest.c:92:8: warning: variable 'foo' set but not used [-Wunused-but-set-variable]
  pid_t foo; foo = 1235;
        ^
configure:9814: $? = 0
configure:9831: result: yes
configure:9841: checking if libc defines __progname
configure:9868: gcc -o conftest -g -O2 -Wall   conftest.c -ldl -lm -lrt -lnsl  >&5
conftest.c: In function 'main':
conftest.c:91:2: warning: implicit declaration of function 'printf' [-Wimplicit-function-declaration]
  extern char *__progname; printf("%s", __progname);
  ^
conftest.c:91:27: warning: incompatible implicit declaration of built-in function 'printf' [enabled by default]
  extern char *__progname; printf("%s", __progname);
                           ^
configure:9875: $? = 0
configure:9897: result: yes
configure:9908: checking if libc defines sys_errlist
configure:9935: gcc -o conftest -g -O2 -Wall   conftest.c -ldl -lm -lrt -lnsl  >&5
conftest.c: In function 'main':
conftest.c:92:2: warning: implicit declaration of function 'printf' [-Wimplicit-function-declaration]
  extern const char *const sys_errlist[]; printf("%s", sys_errlist[0]);
  ^
conftest.c:92:42: warning: incompatible implicit declaration of built-in function 'printf' [enabled by default]
  extern const char *const sys_errlist[]; printf("%s", sys_errlist[0]);
                                          ^
/tmp/ccUoUxBj.o: In function `main':
/home/weichao/VDL-disk/qiuwch/VDL/universe-starter-agent/install/spread/spread-src-4.4.0/libspread-util/conftest.c:92: warning: `sys_errlist' is deprecated; use `strerror' or `strerror_r' instead
configure:9942: $? = 0
configure:9964: result: yes
configure:9975: checking if libc defines sys_nerr
configure:10002: gcc -o conftest -g -O2 -Wall   conftest.c -ldl -lm -lrt -lnsl  >&5
conftest.c: In function 'main':
conftest.c:93:2: warning: implicit declaration of function 'printf' [-Wimplicit-function-declaration]
  extern int sys_nerr; printf("%i", sys_nerr);
  ^
conftest.c:93:23: warning: incompatible implicit declaration of built-in function 'printf' [enabled by default]
  extern int sys_nerr; printf("%i", sys_nerr);
                       ^
/tmp/ccxqK1hm.o: In function `main':
/home/weichao/VDL-disk/qiuwch/VDL/universe-starter-agent/install/spread/spread-src-4.4.0/libspread-util/conftest.c:93: warning: `sys_nerr' is deprecated; use `strerror' or `strerror_r' instead
configure:10009: $? = 0
configure:10031: result: yes
configure:10066: checking for nroff
configure:10085: found /usr/bin/nroff
configure:10097: result: /usr/bin/nroff
configure:10346: creating ./config.status

## ---------------------- ##
## Running config.status. ##
## ---------------------- ##

This file was extended by Spread_Util config.status 4.3.0, which was
generated by GNU Autoconf 2.62.  Invocation command line was

  CONFIG_FILES    = 
  CONFIG_HEADERS  = 
  CONFIG_LINKS    = 
  CONFIG_COMMANDS = 
  $ ./config.status 

on ccvl2

config.status:828: creating Makefile
config.status:828: creating src/Makefile
config.status:828: creating docs/Makefile
config.status:828: creating include/Makefile
config.status:828: creating src/config.h
config.status:1044: src/config.h is unchanged

## ---------------- ##
## Cache variables. ##
## ---------------- ##

ac_cv_arch_win=no
ac_cv_build=x86_64-unknown-linux-gnu
ac_cv_c_bigendian=no
ac_cv_c_compiler_gnu=yes
ac_cv_c_inline=inline
ac_cv_clock_gettime_monotonic=yes
ac_cv_env_CC_set=
ac_cv_env_CC_value=
ac_cv_env_CFLAGS_set=
ac_cv_env_CFLAGS_value=
ac_cv_env_CPPFLAGS_set=
ac_cv_env_CPPFLAGS_value=
ac_cv_env_CPP_set=
ac_cv_env_CPP_value=
ac_cv_env_LDFLAGS_set=
ac_cv_env_LDFLAGS_value=
ac_cv_env_LIBS_set=
ac_cv_env_LIBS_value=
ac_cv_env_build_alias_set=
ac_cv_env_build_alias_value=
ac_cv_env_host_alias_set=
ac_cv_env_host_alias_value=
ac_cv_env_target_alias_set=
ac_cv_env_target_alias_value=
ac_cv_func_bcopy=yes
ac_cv_func_gettimeofday=yes
ac_cv_func_inet_aton=yes
ac_cv_func_inet_ntoa=yes
ac_cv_func_inet_ntop=yes
ac_cv_func_lrand48=yes
ac_cv_func_memmove=yes
ac_cv_func_pthread_atfork=yes
ac_cv_func_setsid=yes
ac_cv_func_snprintf=yes
ac_cv_func_strerror=yes
ac_cv_func_strftime=yes
ac_cv_func_time=yes
ac_cv_have___ss_family_in_struct_ss=no
ac_cv_have_clock_t=yes
ac_cv_have_dladdr=yes
ac_cv_have_int64_t=yes
ac_cv_have_intxx_t=yes
ac_cv_have_pid_t=yes
ac_cv_have_sa_family_t=yes
ac_cv_have_sin_len_in_struct_sockaddr_in=no
ac_cv_have_size_t=yes
ac_cv_have_socklen_t=yes
ac_cv_have_sockopt_len_t=no
ac_cv_have_ss_family_in_struct_ss=yes
ac_cv_have_ssize_t=yes
ac_cv_have_struct_addrinfo=yes
ac_cv_have_struct_in6_addr=yes
ac_cv_have_struct_msghdr=yes
ac_cv_have_struct_msghdr_acc=no
ac_cv_have_struct_msghdr_ctl=yes
ac_cv_have_struct_sockaddr_in6=yes
ac_cv_have_struct_sockaddr_storage=yes
ac_cv_have_struct_timeval=yes
ac_cv_have_struct_timezone=yes
ac_cv_have_sun_len_in_struct_sockaddr_un=no
ac_cv_have_u_int64_t=yes
ac_cv_have_u_int=yes
ac_cv_have_u_intxx_t=yes
ac_cv_header_arpa_inet_h=yes
ac_cv_header_assert_h=yes
ac_cv_header_errno_h=yes
ac_cv_header_grp_h=yes
ac_cv_header_inttypes_h=yes
ac_cv_header_limits_h=yes
ac_cv_header_memory_h=yes
ac_cv_header_netdb_h=yes
ac_cv_header_netinet_in_h=yes
ac_cv_header_netinet_tcp_h=yes
ac_cv_header_process_h=no
ac_cv_header_pthread_h=yes
ac_cv_header_pwd_h=yes
ac_cv_header_signal_h=yes
ac_cv_header_stdarg_h=yes
ac_cv_header_stdc=yes
ac_cv_header_stdint_h=yes
ac_cv_header_stdio_h=yes
ac_cv_header_stdlib_h=yes
ac_cv_header_string_h=yes
ac_cv_header_strings_h=yes
ac_cv_header_sys_filio_h=no
ac_cv_header_sys_inttypes_h=no
ac_cv_header_sys_ioctl_h=yes
ac_cv_header_sys_param_h=yes
ac_cv_header_sys_socket_h=yes
ac_cv_header_sys_stat_h=yes
ac_cv_header_sys_time_h=yes
ac_cv_header_sys_timeb_h=yes
ac_cv_header_sys_types_h=yes
ac_cv_header_sys_uio_h=yes
ac_cv_header_sys_un_h=yes
ac_cv_header_time_h=yes
ac_cv_header_unistd_h=yes
ac_cv_header_windows_h=no
ac_cv_header_winsock_h=no
ac_cv_host=x86_64-unknown-linux-gnu
ac_cv_ldflag_pthread=yes
ac_cv_lib_m_sqrt=yes
ac_cv_lib_nsl_gethostbyaddr=yes
ac_cv_lib_posix4_sem_wait=no
ac_cv_lib_pthread_pthread_create=yes
ac_cv_lib_socket_socket=no
ac_cv_lib_thread_thr_create=no
ac_cv_libc_defines___progname=yes
ac_cv_libc_defines_sys_errlist=yes
ac_cv_libc_defines_sys_nerr=yes
ac_cv_objext=o
ac_cv_path_AR=/usr/bin/ar
ac_cv_path_EGREP='/bin/grep -E'
ac_cv_path_GREP=/bin/grep
ac_cv_path_NROFF=/usr/bin/nroff
ac_cv_path_PERL=/usr/bin/perl
ac_cv_path_install='/usr/bin/install -c'
ac_cv_prog_CPP='gcc -E'
ac_cv_prog_ac_ct_CC=gcc
ac_cv_prog_ac_ct_RANLIB=ranlib
ac_cv_prog_cc_c89=
ac_cv_prog_cc_g=yes
ac_cv_search_dladdr=-ldl
ac_cv_search_nanosleep='none required'
ac_cv_search_shm_open=-lrt
ac_cv_sizeof_char=1
ac_cv_sizeof_int=4
ac_cv_sizeof_long_int=8
ac_cv_sizeof_long_long_int=8
ac_cv_sizeof_short_int=2

## ----------------- ##
## Output variables. ##
## ----------------- ##

AR='/usr/bin/ar'
CC='gcc'
CFLAGS='-g -O2 -Wall'
CPP='gcc -E'
CPPFLAGS=''
DEFS='-DHAVE_CONFIG_H'
ECHO_C=''
ECHO_N='-n'
ECHO_T=''
EGREP='/bin/grep -E'
EXEEXT=''
GREP='/bin/grep'
INSTALL_DATA='${INSTALL} -m 644'
INSTALL_PROGRAM='${INSTALL}'
INSTALL_SCRIPT='${INSTALL}'
LD='gcc'
LDFLAGS=''
LIBOBJS=''
LIBS='-ldl -lm -lrt -lnsl '
LIBSPSO='libspread-util.so'
LN_S='ln -s'
LTLIBOBJS=''
MANTYPE='doc'
NROFF='/usr/bin/nroff'
OBJEXT='o'
PACKAGE_BUGREPORT=''
PACKAGE_NAME='Spread_Util'
PACKAGE_STRING='Spread_Util 4.3.0'
PACKAGE_TARNAME='spread_util'
PACKAGE_VERSION='4.3.0'
PATH_SEPARATOR=':'
PERL='/usr/bin/perl'
RANLIB='ranlib'
SHCC='gcc'
SHCFLAGS='-g -O2 -Wall -fPIC'
SHCPPFLAGS=''
SHELL='/bin/bash'
SHLD='gcc -shared'
SHLDCONVERTSTATIC='-Wl,-whole-archive'
SHLDCONVERTSTATICEND='-Wl,-no-whole-archive'
SHLDFLAGS=' '
SHLDNAME='-soname,'
SHLDOPTION='-Wl,'
SHLIBS='-ldl -lm -lrt -lnsl '
THLDFLAGS=''
THLIBS='-lpthread '
ac_ct_CC='gcc'
bindir='${exec_prefix}/bin'
build='x86_64-unknown-linux-gnu'
build_alias=''
build_cpu='x86_64'
build_os='linux-gnu'
build_vendor='unknown'
datadir='${datarootdir}'
datarootdir='${prefix}/share'
docdir='${datadir}/doc/libspread-util'
dvidir='${docdir}'
exec_prefix='${prefix}'
host='x86_64-unknown-linux-gnu'
host_alias=''
host_cpu='x86_64'
host_os='linux-gnu'
host_vendor='unknown'
htmldir='${docdir}'
includedir='${prefix}/include'
infodir='${datarootdir}/info'
libdir='${exec_prefix}/lib'
libexecdir='${exec_prefix}/libexec'
localedir='${datarootdir}/locale'
localstatedir='${prefix}/var'
mandir='${datarootdir}/man'
mansubdir='man'
oldincludedir='/usr/include'
pdfdir='${docdir}'
prefix='/home/weichao/VDL-disk/qiuwch/VDL/universe-starter-agent/install/spread/spread-src-4.4.0/../spread-bin'
program_transform_name='s,x,x,'
psdir='${docdir}'
sbindir='${exec_prefix}/sbin'
sharedstatedir='${prefix}/com'
sysconfdir='${prefix}/etc'
target_alias=''

## ----------- ##
## confdefs.h. ##
## ----------- ##

#define PACKAGE_NAME "Spread_Util"
#define PACKAGE_TARNAME "spread_util"
#define PACKAGE_VERSION "4.3.0"
#define PACKAGE_STRING "Spread_Util 4.3.0"
#define PACKAGE_BUGREPORT ""
#define STDC_HEADERS 1
#define HAVE_SYS_TYPES_H 1
#define HAVE_SYS_STAT_H 1
#define HAVE_STDLIB_H 1
#define HAVE_STRING_H 1
#define HAVE_MEMORY_H 1
#define HAVE_STRINGS_H 1
#define HAVE_INTTYPES_H 1
#define HAVE_STDINT_H 1
#define HAVE_UNISTD_H 1
#define HAVE_LIBPTHREAD 1
#define HAVE_PTHREAD_ATFORK 1
#define HAVE_LIBNSL 1
#define HAVE_LIBM 1
#define HAVE_STRFTIME 1
#define HAVE_ARPA_INET_H 1
#define HAVE_ASSERT_H 1
#define HAVE_ERRNO_H 1
#define HAVE_GRP_H 1
#define HAVE_LIMITS_H 1
#define HAVE_NETDB_H 1
#define HAVE_NETINET_IN_H 1
#define HAVE_NETINET_TCP_H 1
#define HAVE_PTHREAD_H 1
#define HAVE_PWD_H 1
#define HAVE_SIGNAL_H 1
#define HAVE_STDARG_H 1
#define HAVE_STDINT_H 1
#define HAVE_STDIO_H 1
#define HAVE_STDLIB_H 1
#define HAVE_STRING_H 1
#define HAVE_SYS_IOCTL_H 1
#define HAVE_SYS_PARAM_H 1
#define HAVE_SYS_SOCKET_H 1
#define HAVE_SYS_STAT_H 1
#define HAVE_SYS_TIME_H 1
#define HAVE_SYS_TIMEB_H 1
#define HAVE_SYS_TYPES_H 1
#define HAVE_SYS_UIO_H 1
#define HAVE_SYS_UN_H 1
#define HAVE_TIME_H 1
#define HAVE_UNISTD_H 1
#define HAVE_BCOPY 1
#define HAVE_INET_ATON 1
#define HAVE_INET_NTOA 1
#define HAVE_INET_NTOP 1
#define HAVE_MEMMOVE 1
#define HAVE_SETSID 1
#define HAVE_SNPRINTF 1
#define HAVE_STRERROR 1
#define HAVE_LRAND48 1
#define HAVE_GETTIMEOFDAY 1
#define HAVE_TIME 1
#define HAVE_CLOCK_GETTIME_CLOCK_MONOTONIC 1
#define HAVE_DLADDR 1
#define SIZEOF_CHAR 1
#define SIZEOF_SHORT_INT 2
#define SIZEOF_INT 4
#define SIZEOF_LONG_INT 8
#define SIZEOF_LONG_LONG_INT 8
#define HAVE_STRUCT_TIMEZONE 1
#define ARCH_SCATTER_CONTROL 1
#define HAVE_U_INT 1
#define HAVE_INTXX_T 1
#define HAVE_INT64_T 1
#define HAVE_U_INTXX_T 1
#define HAVE_U_INT64_T 1
#define HAVE_SOCKLEN_T 1
#define HAVE_SIZE_T 1
#define HAVE_SSIZE_T 1
#define HAVE_CLOCK_T 1
#define HAVE_SA_FAMILY_T 1
#define HAVE_STRUCT_SOCKADDR_STORAGE 1
#define HAVE_STRUCT_SOCKADDR_IN6 1
#define HAVE_STRUCT_IN6_ADDR 1
#define HAVE_STRUCT_ADDRINFO 1
#define HAVE_STRUCT_TIMEVAL 1
#define HAVE_SS_FAMILY_IN_SS 1
#define HAVE_PID_T 1
#define HAVE___PROGNAME 1
#define HAVE_SYS_ERRLIST 1
#define HAVE_SYS_NERR 1

configure: exit 0
